2025-12-02 07:05:13,817   | INFO     | BioCoin Test Script[0m
2025-12-02 07:05:13,819   | INFO     | Searching for the BioCoin device named "Biocoin"...[0m
2025-12-02 07:05:13,820   | INFO     | Scanning for devices...[0m
[34m2025-12-02 07:05:13,980   | DEBUG    | Received F2:2C:52:61:FC:6A: .[0m
[34m2025-12-02 07:05:13,987   | DEBUG    | Received F2:2C:52:61:FC:6A: BioCoin.[0m
[34m2025-12-02 07:05:13,988   | DEBUG    | Received 68:FC:CA:05:66:49: .[0m
[34m2025-12-02 07:05:14,107   | DEBUG    | Received 47:3E:34:AF:0A:0C: .[0m
[34m2025-12-02 07:05:14,115   | DEBUG    | Received F2:2C:52:61:FC:6A: .[0m
[34m2025-12-02 07:05:14,120   | DEBUG    | Received F2:2C:52:61:FC:6A: BioCoin.[0m
[34m2025-12-02 07:05:14,221   | DEBUG    | Received 28:AF:42:22:8D:3B: .[0m
[34m2025-12-02 07:05:14,479   | DEBUG    | Received 68:FC:CA:05:66:49: .[0m
[34m2025-12-02 07:05:14,596   | DEBUG    | Received F2:2C:52:61:FC:6A: .[0m
[34m2025-12-02 07:05:14,599   | DEBUG    | Received F2:2C:52:61:FC:6A: BioCoin.[0m
[34m2025-12-02 07:05:14,831   | DEBUG    | Received A8:51:AB:8B:CB:46: .[0m
[34m2025-12-02 07:05:14,837   | DEBUG    | Received F2:2C:52:61:FC:6A: .[0m
[34m2025-12-02 07:05:14,842   | DEBUG    | Received F2:2C:52:61:FC:6A: BioCoin.[0m
[34m2025-12-02 07:05:14,932   | DEBUG    | Received F2:2C:52:61:FC:6A: .[0m
[34m2025-12-02 07:05:14,938   | DEBUG    | Received F2:2C:52:61:FC:6A: BioCoin.[0m
[34m2025-12-02 07:05:14,943   | DEBUG    | Received 68:FC:CA:05:66:49: .[0m
[34m2025-12-02 07:05:14,947   | DEBUG    | Received 47:3E:34:AF:0A:0C: .[0m
[34m2025-12-02 07:05:15,062   | DEBUG    | Received F2:2C:52:61:FC:6A: .[0m
[34m2025-12-02 07:05:15,065   | DEBUG    | Received F2:2C:52:61:FC:6A: BioCoin.[0m
[34m2025-12-02 07:05:15,177   | DEBUG    | Received F2:2C:52:61:FC:6A: .[0m
[34m2025-12-02 07:05:15,180   | DEBUG    | Received F2:2C:52:61:FC:6A: BioCoin.[0m
[34m2025-12-02 07:05:15,426   | DEBUG    | Received 44:E7:0F:E2:34:C2: .[0m
[34m2025-12-02 07:05:15,427   | DEBUG    | Received 44:E7:0F:E2:34:C2: .[0m
[34m2025-12-02 07:05:15,536   | DEBUG    | Received 68:FC:CA:05:66:49: .[0m
[34m2025-12-02 07:05:15,829   | DEBUG    | Received F2:2C:52:61:FC:6A: .[0m
[34m2025-12-02 07:05:15,832   | DEBUG    | Received F2:2C:52:61:FC:6A: BioCoin.[0m
[34m2025-12-02 07:05:15,836   | DEBUG    | Received 66:E1:78:6B:89:FB: .[0m
[34m2025-12-02 07:05:15,840   | DEBUG    | Received 66:E1:78:6B:89:FB: .[0m
[34m2025-12-02 07:05:15,887   | DEBUG    | Received 49:73:26:AD:DD:B1: .[0m
[34m2025-12-02 07:05:15,896   | DEBUG    | Received F2:2C:52:61:FC:6A: .[0m
[34m2025-12-02 07:05:15,900   | DEBUG    | Received F2:2C:52:61:FC:6A: BioCoin.[0m
[34m2025-12-02 07:05:16,494   | DEBUG    | Received 5C:B3:FB:9E:91:26: .[0m
[34m2025-12-02 07:05:16,499   | DEBUG    | Received 5C:B3:FB:9E:91:26: .[0m
[34m2025-12-02 07:05:16,506   | DEBUG    | Received F2:2C:52:61:FC:6A: .[0m
[34m2025-12-02 07:05:16,509   | DEBUG    | Received F2:2C:52:61:FC:6A: BioCoin.[0m
[34m2025-12-02 07:05:16,704   | DEBUG    | Received A8:51:AB:8B:CB:46: .[0m
[34m2025-12-02 07:05:16,709   | DEBUG    | Received A8:51:AB:8B:CB:46: .[0m
[34m2025-12-02 07:05:16,712   | DEBUG    | Received F2:2C:52:61:FC:6A: .[0m
[34m2025-12-02 07:05:16,713   | DEBUG    | Received F2:2C:52:61:FC:6A: BioCoin.[0m
[34m2025-12-02 07:05:16,942   | DEBUG    | Received 66:E1:78:6B:89:FB: .[0m
[34m2025-12-02 07:05:17,075   | DEBUG    | Received A8:51:AB:8B:CB:46: .[0m
[34m2025-12-02 07:05:17,184   | DEBUG    | Received 49:73:26:AD:DD:B1: .[0m
[34m2025-12-02 07:05:17,192   | DEBUG    | Received F2:2C:52:61:FC:6A: .[0m
[34m2025-12-02 07:05:17,193   | DEBUG    | Received F2:2C:52:61:FC:6A: BioCoin.[0m
[34m2025-12-02 07:05:17,317   | DEBUG    | Received 5C:B3:FB:9E:91:26: .[0m
[34m2025-12-02 07:05:17,441   | DEBUG    | Received A8:51:AB:8B:CB:46: .[0m
[34m2025-12-02 07:05:17,442   | DEBUG    | Received A8:51:AB:8B:CB:46: .[0m
[34m2025-12-02 07:05:17,554   | DEBUG    | Received 68:FC:CA:05:66:49: .[0m
[34m2025-12-02 07:05:17,558   | DEBUG    | Received 49:73:26:AD:DD:B1: .[0m
[34m2025-12-02 07:05:17,567   | DEBUG    | Received F2:2C:52:61:FC:6A: .[0m
[34m2025-12-02 07:05:17,570   | DEBUG    | Received F2:2C:52:61:FC:6A: BioCoin.[0m
[34m2025-12-02 07:05:17,675   | DEBUG    | Received F2:2C:52:61:FC:6A: .[0m
[34m2025-12-02 07:05:17,678   | DEBUG    | Received F2:2C:52:61:FC:6A: BioCoin.[0m
[34m2025-12-02 07:05:17,785   | DEBUG    | Received F2:2C:52:61:FC:6A: .[0m
[34m2025-12-02 07:05:17,787   | DEBUG    | Received F2:2C:52:61:FC:6A: BioCoin.[0m
[34m2025-12-02 07:05:18,146   | DEBUG    | Received F2:2C:52:61:FC:6A: .[0m
[34m2025-12-02 07:05:18,149   | DEBUG    | Received F2:2C:52:61:FC:6A: BioCoin.[0m
[34m2025-12-02 07:05:18,385   | DEBUG    | Received A8:51:AB:8B:CB:46: .[0m
[34m2025-12-02 07:05:18,389   | DEBUG    | Received A8:51:AB:8B:CB:46: .[0m
[34m2025-12-02 07:05:18,391   | DEBUG    | Received F2:2C:52:61:FC:6A: .[0m
[34m2025-12-02 07:05:18,392   | DEBUG    | Received F2:2C:52:61:FC:6A: BioCoin.[0m
[34m2025-12-02 07:05:18,394   | DEBUG    | Received E4:A8:86:8A:32:A6: .[0m
[34m2025-12-02 07:05:18,631   | DEBUG    | Received 68:FC:CA:05:66:49: .[0m
[34m2025-12-02 07:05:18,761   | DEBUG    | Received A8:51:AB:8B:CB:46: .[0m
[34m2025-12-02 07:05:18,765   | DEBUG    | Received A8:51:AB:8B:CB:46: .[0m
[34m2025-12-02 07:05:18,905   | DEBUG    | 10 devices found. Watcher status: <BluetoothLEAdvertisementWatcherStatus.STOPPED: 3>.[0m
[34m2025-12-02 07:05:18,906   | DEBUG    | 	Device: BioCoin (F2:2C:52:61:FC:6A) | UUIDs: ['00001523-1212-efde-1523-785feabc93aa'][0m
[34m2025-12-02 07:05:18,906   | DEBUG    | 	Device: Unknown (68:FC:CA:05:66:49) | UUIDs: [][0m
[34m2025-12-02 07:05:18,906   | DEBUG    | 	Device: Unknown (47:3E:34:AF:0A:0C) | UUIDs: [][0m
[34m2025-12-02 07:05:18,906   | DEBUG    | 	Device: Unknown (28:AF:42:22:8D:3B) | UUIDs: [][0m
[34m2025-12-02 07:05:18,906   | DEBUG    | 	Device: Unknown (A8:51:AB:8B:CB:46) | UUIDs: [][0m
[34m2025-12-02 07:05:18,906   | DEBUG    | 	Device: Unknown (44:E7:0F:E2:34:C2) | UUIDs: [][0m
[34m2025-12-02 07:05:18,906   | DEBUG    | 	Device: Unknown (66:E1:78:6B:89:FB) | UUIDs: [][0m
[34m2025-12-02 07:05:18,906   | DEBUG    | 	Device: Unknown (49:73:26:AD:DD:B1) | UUIDs: [][0m
[34m2025-12-02 07:05:18,906   | DEBUG    | 	Device: Unknown (5C:B3:FB:9E:91:26) | UUIDs: [][0m
[34m2025-12-02 07:05:18,906   | DEBUG    | 	Device: Unknown (E4:A8:86:8A:32:A6) | UUIDs: [][0m
2025-12-02 07:05:18,906   | INFO     | Found BioCoin device at F2:2C:52:61:FC:6A![0m
[34m2025-12-02 07:05:19,084   | DEBUG    | Received F2:2C:52:61:FC:6A: .[0m
[34m2025-12-02 07:05:19,087   | DEBUG    | 1 devices found. Watcher status: <BluetoothLEAdvertisementWatcherStatus.STOPPED: 3>.[0m
[34m2025-12-02 07:05:19,088   | DEBUG    | Connecting to BLE device @ F2:2C:52:61:FC:6A[0m
[34m2025-12-02 07:05:19,154   | DEBUG    | getting services (service_cache_mode=None, cache_mode=None)...[0m
[34m2025-12-02 07:05:19,200   | DEBUG    | session_status_changed_event_handler: id: BluetoothLE#BluetoothLEfc:b0:de:31:dc:fe-f2:2c:52:61:fc:6a, error: <BluetoothError.SUCCESS: 0>, status: <GattSessionStatus.ACTIVE: 1>[0m
[34m2025-12-02 07:05:19,300   | DEBUG    | max_pdu_size_changed_handler: 247[0m
[34m2025-12-02 07:05:19,601   | DEBUG    | F2:2C:52:61:FC:6A: services changed[0m
[34m2025-12-02 07:05:26,633   | DEBUG    | F2:2C:52:61:FC:6A: services changed[0m
2025-12-02 07:05:29,839   | INFO     | Connected to BioCoin device at F2:2C:52:61:FC:6A.[0m
[34m2025-12-02 07:05:30,034   | DEBUG    | Read Characteristic 0022 : bytearray(b'd')[0m
2025-12-02 07:05:30,034   | INFO     | Battery Level: 100%[0m
2025-12-02 07:05:30,036   | INFO     | Sending DPV technique parameters...[0m
[34m2025-12-02 07:05:31,433   | DEBUG    | Read Characteristic 0026 : bytearray(b'\x01')[0m
[34m2025-12-02 07:05:31,434   | DEBUG    | Device status read: INVALID_PARAMETERS (1)[0m
[31m2025-12-02 07:05:31,435   | ERROR    | Invalid parameters
Traceback (most recent call last):
  File "e:\Dropbox\Work in Progress\Research Projects\BioCoin\Design (on Repo)\software\src\main.py", line 107, in main
    await DPV.configure(
    ...<9 lines>...
    )
  File "e:\Dropbox\Work in Progress\Research Projects\BioCoin\Design (on Repo)\software\src\biocoin\techniques\DPV.py", line 166, in configure
    await self.assert_config_ok()
  File "e:\Dropbox\Work in Progress\Research Projects\BioCoin\Design (on Repo)\software\src\biocoin\techniques\base_technique.py", line 166, in assert_config_ok
    raise ValueError('Invalid parameters')
ValueError: Invalid parameters[0m
[34m2025-12-02 07:05:31,456   | DEBUG    | Disconnecting from BLE device...[0m
[34m2025-12-02 07:05:34,637   | DEBUG    | max_pdu_size_changed_handler: 23[0m
[34m2025-12-02 07:05:34,638   | DEBUG    | session_status_changed_event_handler: id: BluetoothLE#BluetoothLEfc:b0:de:31:dc:fe-f2:2c:52:61:fc:6a, error: <BluetoothError.SUCCESS: 0>, status: <GattSessionStatus.CLOSED: 0>[0m
[34m2025-12-02 07:05:34,641   | DEBUG    | closing requester[0m
[34m2025-12-02 07:05:34,642   | DEBUG    | closing session[0m
2025-12-02 07:05:34,646   | INFO     | Disconnected from BioCoin device.[0m
