2025-12-01 20:26:59,168   | INFO     | BioCoin Test Script[0m
2025-12-01 20:26:59,169   | INFO     | Searching for the BioCoin device named "Biocoin"...[0m
2025-12-01 20:26:59,169   | INFO     | Scanning for devices...[0m
[34m2025-12-01 20:27:00,001   | DEBUG    | Received E8:E0:0D:4A:60:10: .[0m
[34m2025-12-01 20:27:00,120   | DEBUG    | Received 4D:9F:34:53:73:63: .[0m
[34m2025-12-01 20:27:00,121   | DEBUG    | Received 6D:FD:9B:50:83:C9: .[0m
[34m2025-12-01 20:27:00,121   | DEBUG    | Received 6D:FD:9B:50:83:C9: .[0m
[34m2025-12-01 20:27:00,121   | DEBUG    | Received C1:7B:3C:41:7A:7C: .[0m
[34m2025-12-01 20:27:00,341   | DEBUG    | Received F2:2C:52:61:FC:6A: .[0m
[34m2025-12-01 20:27:00,343   | DEBUG    | Received F2:2C:52:61:FC:6A: BioCoin.[0m
[34m2025-12-01 20:27:00,815   | DEBUG    | Received 66:90:E7:F9:F6:95: .[0m
[34m2025-12-01 20:27:00,818   | DEBUG    | Received 66:90:E7:F9:F6:95: .[0m
[34m2025-12-01 20:27:00,942   | DEBUG    | Received 4D:9F:34:53:73:63: .[0m
[34m2025-12-01 20:27:01,058   | DEBUG    | Received 4B:14:2F:C2:C1:65: .[0m
[34m2025-12-01 20:27:01,060   | DEBUG    | Received 4B:14:2F:C2:C1:65: .[0m
[34m2025-12-01 20:27:01,282   | DEBUG    | Received A8:51:AB:8B:CB:46: .[0m
[34m2025-12-01 20:27:01,286   | DEBUG    | Received A8:51:AB:8B:CB:46: .[0m
[34m2025-12-01 20:27:01,294   | DEBUG    | Received 30:AF:7E:32:18:A7: .[0m
[34m2025-12-01 20:27:01,298   | DEBUG    | Received 30:AF:7E:32:18:A7: .[0m
[34m2025-12-01 20:27:01,651   | DEBUG    | Received 66:90:E7:F9:F6:95: .[0m
[34m2025-12-01 20:27:02,000   | DEBUG    | Received E8:E0:0D:4A:60:10: .[0m
[34m2025-12-01 20:27:02,124   | DEBUG    | Received 40:A7:A2:AD:11:8D: .[0m
[34m2025-12-01 20:27:02,125   | DEBUG    | Received 40:A7:A2:AD:11:8D: .[0m
[34m2025-12-01 20:27:02,239   | DEBUG    | Received FC:85:5C:21:E6:CF: .[0m
[34m2025-12-01 20:27:02,606   | DEBUG    | Received F2:2C:52:61:FC:6A: .[0m
[34m2025-12-01 20:27:02,612   | DEBUG    | Received F2:2C:52:61:FC:6A: BioCoin.[0m
[34m2025-12-01 20:27:02,616   | DEBUG    | Received 68:FC:CA:05:66:49: .[0m
[34m2025-12-01 20:27:02,718   | DEBUG    | Received 4B:14:2F:C2:C1:65: .[0m
[34m2025-12-01 20:27:02,946   | DEBUG    | Received A8:51:AB:8B:CB:46: .[0m
[34m2025-12-01 20:27:02,947   | DEBUG    | Received A8:51:AB:8B:CB:46: .[0m
[34m2025-12-01 20:27:03,319   | DEBUG    | Received F2:2C:52:61:FC:6A: .[0m
[34m2025-12-01 20:27:03,321   | DEBUG    | Received 66:90:E7:F9:F6:95: .[0m
[34m2025-12-01 20:27:03,323   | DEBUG    | Received 66:90:E7:F9:F6:95: .[0m
[34m2025-12-01 20:27:03,884   | DEBUG    | Received A8:51:AB:8B:CB:46: .[0m
[34m2025-12-01 20:27:03,886   | DEBUG    | Received A8:51:AB:8B:CB:46: .[0m
[34m2025-12-01 20:27:04,028   | DEBUG    | Received F2:2C:52:61:FC:6A: .[0m
[34m2025-12-01 20:27:04,030   | DEBUG    | Received F2:2C:52:61:FC:6A: BioCoin.[0m
[34m2025-12-01 20:27:04,155   | DEBUG    | Received 66:90:E7:F9:F6:95: .[0m
[34m2025-12-01 20:27:04,598   | DEBUG    | Received A8:51:AB:8B:CB:46: .[0m
[34m2025-12-01 20:27:04,602   | DEBUG    | Received 68:FC:CA:05:66:49: .[0m
[34m2025-12-01 20:27:04,605   | DEBUG    | Received 40:A7:A2:AD:11:8D: .[0m
[34m2025-12-01 20:27:04,608   | DEBUG    | 12 devices found. Watcher status: <BluetoothLEAdvertisementWatcherStatus.STOPPED: 3>.[0m
[34m2025-12-01 20:27:04,608   | DEBUG    | 	Device: Unknown (E8:E0:0D:4A:60:10) | UUIDs: [][0m
[34m2025-12-01 20:27:04,609   | DEBUG    | 	Device: Unknown (4D:9F:34:53:73:63) | UUIDs: [][0m
[34m2025-12-01 20:27:04,609   | DEBUG    | 	Device: Unknown (6D:FD:9B:50:83:C9) | UUIDs: [][0m
[34m2025-12-01 20:27:04,609   | DEBUG    | 	Device: Unknown (C1:7B:3C:41:7A:7C) | UUIDs: [][0m
[34m2025-12-01 20:27:04,609   | DEBUG    | 	Device: BioCoin (F2:2C:52:61:FC:6A) | UUIDs: ['00001523-1212-efde-1523-785feabc93aa'][0m
[34m2025-12-01 20:27:04,609   | DEBUG    | 	Device: Unknown (66:90:E7:F9:F6:95) | UUIDs: [][0m
[34m2025-12-01 20:27:04,609   | DEBUG    | 	Device: Unknown (4B:14:2F:C2:C1:65) | UUIDs: [][0m
[34m2025-12-01 20:27:04,609   | DEBUG    | 	Device: Unknown (A8:51:AB:8B:CB:46) | UUIDs: [][0m
[34m2025-12-01 20:27:04,609   | DEBUG    | 	Device: Unknown (30:AF:7E:32:18:A7) | UUIDs: ['b42e90a2-ade7-11e4-89d3-123b93f75cba'][0m
[34m2025-12-01 20:27:04,609   | DEBUG    | 	Device: Unknown (40:A7:A2:AD:11:8D) | UUIDs: [][0m
[34m2025-12-01 20:27:04,609   | DEBUG    | 	Device: Unknown (FC:85:5C:21:E6:CF) | UUIDs: [][0m
[34m2025-12-01 20:27:04,609   | DEBUG    | 	Device: Unknown (68:FC:CA:05:66:49) | UUIDs: [][0m
2025-12-01 20:27:04,609   | INFO     | Found BioCoin device at F2:2C:52:61:FC:6A![0m
[34m2025-12-01 20:27:05,043   | DEBUG    | Received 6D:FD:9B:50:83:C9: .[0m
[34m2025-12-01 20:27:05,047   | DEBUG    | Received F2:2C:52:61:FC:6A: .[0m
[34m2025-12-01 20:27:05,048   | DEBUG    | 2 devices found. Watcher status: <BluetoothLEAdvertisementWatcherStatus.STOPPED: 3>.[0m
[34m2025-12-01 20:27:05,048   | DEBUG    | Connecting to BLE device @ F2:2C:52:61:FC:6A[0m
[34m2025-12-01 20:27:05,208   | DEBUG    | getting services (service_cache_mode=None, cache_mode=None)...[0m
[34m2025-12-01 20:27:05,757   | DEBUG    | session_status_changed_event_handler: id: BluetoothLE#BluetoothLEfc:b0:de:31:dc:fe-f2:2c:52:61:fc:6a, error: <BluetoothError.SUCCESS: 0>, status: <GattSessionStatus.ACTIVE: 1>[0m
[34m2025-12-01 20:27:05,842   | DEBUG    | max_pdu_size_changed_handler: 247[0m
[34m2025-12-01 20:27:06,130   | DEBUG    | F2:2C:52:61:FC:6A: services changed[0m
[34m2025-12-01 20:27:09,281   | DEBUG    | F2:2C:52:61:FC:6A: services changed[0m
2025-12-01 20:27:13,315   | INFO     | Connected to BioCoin device at F2:2C:52:61:FC:6A.[0m
[34m2025-12-01 20:27:13,514   | DEBUG    | Read Characteristic 0022 : bytearray(b'd')[0m
2025-12-01 20:27:13,514   | INFO     | Battery Level: 100%[0m
2025-12-01 20:27:13,514   | INFO     | Sending SWV technique parameters...[0m
[31m2025-12-01 20:27:13,515   | ERROR    | pack expected 10 items for packing (got 9)
Traceback (most recent call last):
  File "e:\Dropbox\Work in Progress\Research Projects\BioCoin\Design (on Repo)\software\src\main.py", line 128, in main
    await SWV.configure(
    ...<8 lines>...
    )
  File "e:\Dropbox\Work in Progress\Research Projects\BioCoin\Design (on Repo)\software\src\biocoin\techniques\SWV.py", line 146, in configure
    payload = struct.pack(
        '<BffffffffB',
    ...<8 lines>...
        channel,
    )
struct.error: pack expected 10 items for packing (got 9)[0m
[34m2025-12-01 20:27:13,519   | DEBUG    | Disconnecting from BLE device...[0m
[34m2025-12-01 20:27:16,717   | DEBUG    | max_pdu_size_changed_handler: 23[0m
[34m2025-12-01 20:27:16,717   | DEBUG    | session_status_changed_event_handler: id: BluetoothLE#BluetoothLEfc:b0:de:31:dc:fe-f2:2c:52:61:fc:6a, error: <BluetoothError.SUCCESS: 0>, status: <GattSessionStatus.CLOSED: 0>[0m
[34m2025-12-01 20:27:16,724   | DEBUG    | closing requester[0m
[34m2025-12-01 20:27:16,724   | DEBUG    | closing session[0m
2025-12-01 20:27:16,728   | INFO     | Disconnected from BioCoin device.[0m
