2025-12-02 07:15:10,857   | INFO     | BioCoin Test Script[0m
2025-12-02 07:15:10,859   | INFO     | Searching for the BioCoin device named "Biocoin"...[0m
2025-12-02 07:15:10,860   | INFO     | Scanning for devices...[0m
[34m2025-12-02 07:15:11,009   | DEBUG    | Received F2:2C:52:61:FC:6A: .[0m
[34m2025-12-02 07:15:11,020   | DEBUG    | Received F2:2C:52:61:FC:6A: BioCoin.[0m
[34m2025-12-02 07:15:11,151   | DEBUG    | Received F2:2C:52:61:FC:6A: .[0m
[34m2025-12-02 07:15:11,155   | DEBUG    | Received F2:2C:52:61:FC:6A: BioCoin.[0m
[34m2025-12-02 07:15:11,273   | DEBUG    | Received A8:51:AB:8B:CB:46: .[0m
[34m2025-12-02 07:15:11,279   | DEBUG    | Received A8:51:AB:8B:CB:46: .[0m
[34m2025-12-02 07:15:11,395   | DEBUG    | Received F2:2C:52:61:FC:6A: .[0m
[34m2025-12-02 07:15:11,402   | DEBUG    | Received F2:2C:52:61:FC:6A: BioCoin.[0m
[34m2025-12-02 07:15:11,407   | DEBUG    | Received 66:E1:78:6B:89:FB: .[0m
[34m2025-12-02 07:15:11,410   | DEBUG    | Received 66:E1:78:6B:89:FB: .[0m
[34m2025-12-02 07:15:11,635   | DEBUG    | Received F2:2C:52:61:FC:6A: .[0m
[34m2025-12-02 07:15:11,636   | DEBUG    | Received F2:2C:52:61:FC:6A: BioCoin.[0m
[34m2025-12-02 07:15:11,732   | DEBUG    | Received F2:2C:52:61:FC:6A: .[0m
[34m2025-12-02 07:15:11,737   | DEBUG    | Received F2:2C:52:61:FC:6A: BioCoin.[0m
[34m2025-12-02 07:15:12,092   | DEBUG    | Received 57:1A:4C:AD:2D:1D: .[0m
[34m2025-12-02 07:15:12,226   | DEBUG    | Received 66:E1:78:6B:89:FB: .[0m
[34m2025-12-02 07:15:12,228   | DEBUG    | Received 66:E1:78:6B:89:FB: .[0m
[34m2025-12-02 07:15:12,330   | DEBUG    | Received 68:FC:CA:05:66:49: .[0m
[34m2025-12-02 07:15:12,441   | DEBUG    | Received 5C:B3:FB:9E:91:26: .[0m
[34m2025-12-02 07:15:12,452   | DEBUG    | Received F2:2C:52:61:FC:6A: .[0m
[34m2025-12-02 07:15:12,454   | DEBUG    | Received F2:2C:52:61:FC:6A: BioCoin.[0m
[34m2025-12-02 07:15:12,562   | DEBUG    | Received A8:51:AB:8B:CB:46: .[0m
[34m2025-12-02 07:15:12,564   | DEBUG    | Received A8:51:AB:8B:CB:46: .[0m
[34m2025-12-02 07:15:12,570   | DEBUG    | Received F2:2C:52:61:FC:6A: .[0m
[34m2025-12-02 07:15:12,573   | DEBUG    | Received F2:2C:52:61:FC:6A: BioCoin.[0m
[34m2025-12-02 07:15:12,928   | DEBUG    | Received 68:FC:CA:05:66:49: .[0m
[34m2025-12-02 07:15:13,051   | DEBUG    | Received F2:2C:52:61:FC:6A: .[0m
[34m2025-12-02 07:15:13,059   | DEBUG    | Received 66:E1:78:6B:89:FB: .[0m
[34m2025-12-02 07:15:13,063   | DEBUG    | Received 66:E1:78:6B:89:FB: .[0m
[34m2025-12-02 07:15:13,575   | DEBUG    | Received F2:2C:52:61:FC:6A: .[0m
[34m2025-12-02 07:15:13,580   | DEBUG    | Received F2:2C:52:61:FC:6A: BioCoin.[0m
[34m2025-12-02 07:15:13,586   | DEBUG    | Received 57:1A:4C:AD:2D:1D: .[0m
[34m2025-12-02 07:15:13,642   | DEBUG    | Received F2:2C:52:61:FC:6A: .[0m
[34m2025-12-02 07:15:13,646   | DEBUG    | Received F2:2C:52:61:FC:6A: BioCoin.[0m
[34m2025-12-02 07:15:13,872   | DEBUG    | Received 66:E1:78:6B:89:FB: .[0m
[34m2025-12-02 07:15:13,875   | DEBUG    | Received 66:E1:78:6B:89:FB: .[0m
[34m2025-12-02 07:15:13,881   | DEBUG    | Received F2:2C:52:61:FC:6A: .[0m
[34m2025-12-02 07:15:13,884   | DEBUG    | Received F2:2C:52:61:FC:6A: BioCoin.[0m
[34m2025-12-02 07:15:14,129   | DEBUG    | Received F2:2C:52:61:FC:6A: .[0m
[34m2025-12-02 07:15:14,132   | DEBUG    | Received F2:2C:52:61:FC:6A: BioCoin.[0m
[34m2025-12-02 07:15:14,224   | DEBUG    | Received F2:2C:52:61:FC:6A: .[0m
[34m2025-12-02 07:15:14,226   | DEBUG    | Received F2:2C:52:61:FC:6A: BioCoin.[0m
[34m2025-12-02 07:15:14,937   | DEBUG    | Received F2:2C:52:61:FC:6A: .[0m
[34m2025-12-02 07:15:14,943   | DEBUG    | Received 68:FC:CA:05:66:49: .[0m
[34m2025-12-02 07:15:14,948   | DEBUG    | Received 30:AF:7E:32:18:A7: .[0m
[34m2025-12-02 07:15:14,952   | DEBUG    | Received 30:AF:7E:32:18:A7: .[0m
[34m2025-12-02 07:15:15,073   | DEBUG    | Received F2:2C:52:61:FC:6A: .[0m
[34m2025-12-02 07:15:15,077   | DEBUG    | Received F2:2C:52:61:FC:6A: BioCoin.[0m
[34m2025-12-02 07:15:15,173   | DEBUG    | Received 48:16:21:B9:8E:F3: .[0m
[34m2025-12-02 07:15:15,178   | DEBUG    | Received 48:16:21:B9:8E:F3: .[0m
[34m2025-12-02 07:15:15,182   | DEBUG    | Received F2:2C:52:61:FC:6A: .[0m
[34m2025-12-02 07:15:15,185   | DEBUG    | Received F2:2C:52:61:FC:6A: BioCoin.[0m
[34m2025-12-02 07:15:15,788   | DEBUG    | Received F2:2C:52:61:FC:6A: .[0m
[34m2025-12-02 07:15:15,792   | DEBUG    | Received F2:2C:52:61:FC:6A: BioCoin.[0m
[34m2025-12-02 07:15:15,882   | DEBUG    | Received F2:2C:52:61:FC:6A: .[0m
[34m2025-12-02 07:15:15,887   | DEBUG    | Received F2:2C:52:61:FC:6A: BioCoin.[0m
[34m2025-12-02 07:15:15,953   | DEBUG    | 8 devices found. Watcher status: <BluetoothLEAdvertisementWatcherStatus.STOPPED: 3>.[0m
[34m2025-12-02 07:15:15,955   | DEBUG    | 	Device: BioCoin (F2:2C:52:61:FC:6A) | UUIDs: ['00001523-1212-efde-1523-785feabc93aa'][0m
[34m2025-12-02 07:15:15,955   | DEBUG    | 	Device: Unknown (A8:51:AB:8B:CB:46) | UUIDs: [][0m
[34m2025-12-02 07:15:15,955   | DEBUG    | 	Device: Unknown (66:E1:78:6B:89:FB) | UUIDs: [][0m
[34m2025-12-02 07:15:15,955   | DEBUG    | 	Device: Unknown (57:1A:4C:AD:2D:1D) | UUIDs: [][0m
[34m2025-12-02 07:15:15,955   | DEBUG    | 	Device: Unknown (68:FC:CA:05:66:49) | UUIDs: [][0m
[34m2025-12-02 07:15:15,955   | DEBUG    | 	Device: Unknown (5C:B3:FB:9E:91:26) | UUIDs: [][0m
[34m2025-12-02 07:15:15,955   | DEBUG    | 	Device: Unknown (30:AF:7E:32:18:A7) | UUIDs: ['b42e90a2-ade7-11e4-89d3-123b93f75cba'][0m
[34m2025-12-02 07:15:15,956   | DEBUG    | 	Device: Unknown (48:16:21:B9:8E:F3) | UUIDs: [][0m
2025-12-02 07:15:15,956   | INFO     | Found BioCoin device at F2:2C:52:61:FC:6A![0m
[34m2025-12-02 07:15:16,175   | DEBUG    | Received FC:9B:0E:76:FE:DF: .[0m
[34m2025-12-02 07:15:16,277   | DEBUG    | Received 48:16:21:B9:8E:F3: .[0m
[34m2025-12-02 07:15:16,279   | DEBUG    | Received 48:16:21:B9:8E:F3: .[0m
[34m2025-12-02 07:15:16,284   | DEBUG    | Received 5C:B3:FB:9E:91:26: .[0m
[34m2025-12-02 07:15:16,287   | DEBUG    | Received 5C:B3:FB:9E:91:26: .[0m
[34m2025-12-02 07:15:16,407   | DEBUG    | Received F2:2C:52:61:FC:6A: .[0m
[34m2025-12-02 07:15:16,409   | DEBUG    | Received F2:2C:52:61:FC:6A: BioCoin.[0m
[34m2025-12-02 07:15:16,410   | DEBUG    | 4 devices found. Watcher status: <BluetoothLEAdvertisementWatcherStatus.STOPPED: 3>.[0m
[34m2025-12-02 07:15:16,411   | DEBUG    | Connecting to BLE device @ F2:2C:52:61:FC:6A[0m
[34m2025-12-02 07:15:16,469   | DEBUG    | getting services (service_cache_mode=None, cache_mode=None)...[0m
[34m2025-12-02 07:15:16,526   | DEBUG    | session_status_changed_event_handler: id: BluetoothLE#BluetoothLEfc:b0:de:31:dc:fe-f2:2c:52:61:fc:6a, error: <BluetoothError.SUCCESS: 0>, status: <GattSessionStatus.ACTIVE: 1>[0m
[34m2025-12-02 07:15:16,621   | DEBUG    | max_pdu_size_changed_handler: 247[0m
[34m2025-12-02 07:15:16,916   | DEBUG    | F2:2C:52:61:FC:6A: services changed[0m
[34m2025-12-02 07:15:24,416   | DEBUG    | F2:2C:52:61:FC:6A: services changed[0m
[34m2025-12-02 07:15:31,924   | DEBUG    | disposing service objects[0m
[34m2025-12-02 07:15:32,038   | DEBUG    | closing requester[0m
[34m2025-12-02 07:15:32,039   | DEBUG    | closing session[0m
[33m2025-12-02 07:15:32,040   | WARNING  | Connect attempt 1/5 failed due to timeout. Retrying...[0m
[34m2025-12-02 07:15:32,548   | DEBUG    | Connecting to BLE device @ F2:2C:52:61:FC:6A[0m
[34m2025-12-02 07:15:32,692   | DEBUG    | getting services (service_cache_mode=None, cache_mode=None)...[0m
