2025-12-02 07:15:39,359   | INFO     | BioCoin Test Script[0m
2025-12-02 07:15:39,361   | INFO     | Searching for the BioCoin device named "Biocoin"...[0m
2025-12-02 07:15:39,361   | INFO     | Scanning for devices...[0m
[34m2025-12-02 07:15:39,446   | DEBUG    | Received A8:51:AB:8B:CB:46: .[0m
[34m2025-12-02 07:15:39,688   | DEBUG    | Received 30:AF:7E:32:18:A7: .[0m
[34m2025-12-02 07:15:39,689   | DEBUG    | Received 30:AF:7E:32:18:A7: .[0m
[34m2025-12-02 07:15:39,917   | DEBUG    | Received 5C:B3:FB:9E:91:26: .[0m
[34m2025-12-02 07:15:39,919   | DEBUG    | Received 5C:B3:FB:9E:91:26: .[0m
[34m2025-12-02 07:15:40,058   | DEBUG    | Received 48:16:21:B9:8E:F3: .[0m
[34m2025-12-02 07:15:40,059   | DEBUG    | Received 48:16:21:B9:8E:F3: .[0m
[34m2025-12-02 07:15:40,174   | DEBUG    | Received 62:92:76:45:E2:86: .[0m
[34m2025-12-02 07:15:40,177   | DEBUG    | Received 62:92:76:45:E2:86: .[0m
[34m2025-12-02 07:15:40,289   | DEBUG    | Received 68:FC:CA:05:66:49: .[0m
[34m2025-12-02 07:15:40,441   | DEBUG    | Received 68:FC:CA:05:66:49: .[0m
[34m2025-12-02 07:15:40,634   | DEBUG    | Received 57:1A:4C:AD:2D:1D: .[0m
[34m2025-12-02 07:15:41,003   | DEBUG    | Received 57:1A:4C:AD:2D:1D: .[0m
[34m2025-12-02 07:15:41,114   | DEBUG    | Received A8:51:AB:8B:CB:46: .[0m
[34m2025-12-02 07:15:41,115   | DEBUG    | Received A8:51:AB:8B:CB:46: .[0m
[34m2025-12-02 07:15:41,717   | DEBUG    | Received 30:AF:7E:32:18:A7: .[0m
[34m2025-12-02 07:15:41,720   | DEBUG    | Received 30:AF:7E:32:18:A7: .[0m
[34m2025-12-02 07:15:41,947   | DEBUG    | Received 57:1A:4C:AD:2D:1D: .[0m
[34m2025-12-02 07:15:42,053   | DEBUG    | Received A8:51:AB:8B:CB:46: .[0m
[34m2025-12-02 07:15:42,057   | DEBUG    | Received A8:51:AB:8B:CB:46: .[0m
[34m2025-12-02 07:15:42,191   | DEBUG    | Received 66:E1:78:6B:89:FB: .[0m
[34m2025-12-02 07:15:42,196   | DEBUG    | Received 66:E1:78:6B:89:FB: .[0m
[34m2025-12-02 07:15:42,302   | DEBUG    | Received 68:FC:CA:05:66:49: .[0m
[34m2025-12-02 07:15:42,421   | DEBUG    | Received A8:51:AB:8B:CB:46: .[0m
[34m2025-12-02 07:15:42,425   | DEBUG    | Received A8:51:AB:8B:CB:46: .[0m
[34m2025-12-02 07:15:42,662   | DEBUG    | Received 62:92:76:45:E2:86: .[0m
[34m2025-12-02 07:15:42,665   | DEBUG    | Received 5C:B3:FB:9E:91:26: .[0m
[34m2025-12-02 07:15:42,667   | DEBUG    | Received 5C:B3:FB:9E:91:26: .[0m
[34m2025-12-02 07:15:43,013   | DEBUG    | Received 66:E1:78:6B:89:FB: .[0m
[34m2025-12-02 07:15:43,243   | DEBUG    | Received 28:AF:42:22:8D:3B: .[0m
[34m2025-12-02 07:15:43,378   | DEBUG    | Received 68:FC:CA:05:66:49: .[0m
[34m2025-12-02 07:15:43,737   | DEBUG    | Received 30:AF:7E:32:18:A7: .[0m
[34m2025-12-02 07:15:43,740   | DEBUG    | Received 30:AF:7E:32:18:A7: .[0m
[34m2025-12-02 07:15:44,312   | DEBUG    | Received 5C:B3:FB:9E:91:26: .[0m
[34m2025-12-02 07:15:44,313   | DEBUG    | Received 5C:B3:FB:9E:91:26: .[0m
[34m2025-12-02 07:15:44,444   | DEBUG    | Received 68:FC:CA:05:66:49: .[0m
[34m2025-12-02 07:15:44,447   | DEBUG    | 9 devices found. Watcher status: <BluetoothLEAdvertisementWatcherStatus.STOPPED: 3>.[0m
[34m2025-12-02 07:15:44,448   | DEBUG    | 	Device: Unknown (A8:51:AB:8B:CB:46) | UUIDs: [][0m
[34m2025-12-02 07:15:44,448   | DEBUG    | 	Device: Unknown (30:AF:7E:32:18:A7) | UUIDs: ['b42e90a2-ade7-11e4-89d3-123b93f75cba'][0m
[34m2025-12-02 07:15:44,448   | DEBUG    | 	Device: Unknown (5C:B3:FB:9E:91:26) | UUIDs: [][0m
[34m2025-12-02 07:15:44,448   | DEBUG    | 	Device: Unknown (48:16:21:B9:8E:F3) | UUIDs: [][0m
[34m2025-12-02 07:15:44,448   | DEBUG    | 	Device: Unknown (62:92:76:45:E2:86) | UUIDs: [][0m
[34m2025-12-02 07:15:44,448   | DEBUG    | 	Device: Unknown (68:FC:CA:05:66:49) | UUIDs: [][0m
[34m2025-12-02 07:15:44,448   | DEBUG    | 	Device: Unknown (57:1A:4C:AD:2D:1D) | UUIDs: [][0m
[34m2025-12-02 07:15:44,448   | DEBUG    | 	Device: Unknown (66:E1:78:6B:89:FB) | UUIDs: [][0m
[34m2025-12-02 07:15:44,448   | DEBUG    | 	Device: Unknown (28:AF:42:22:8D:3B) | UUIDs: [][0m
[31m2025-12-02 07:15:44,448   | ERROR    | BioCoin device named "Biocoin" not found. Listing available BLE devices:
[0m
2025-12-02 07:15:44,449   | INFO     | Scanning for devices...[0m
[34m2025-12-02 07:15:44,483   | DEBUG    | Received A8:51:AB:8B:CB:46: .[0m
[34m2025-12-02 07:15:44,484   | DEBUG    | Received A8:51:AB:8B:CB:46: .[0m
[34m2025-12-02 07:15:44,599   | DEBUG    | Received 68:FC:CA:05:66:49: .[0m
[34m2025-12-02 07:15:44,731   | DEBUG    | Received 48:16:21:B9:8E:F3: .[0m
[34m2025-12-02 07:15:44,737   | DEBUG    | Received 30:AF:7E:32:18:A7: .[0m
[34m2025-12-02 07:15:44,738   | DEBUG    | Received 30:AF:7E:32:18:A7: .[0m
[34m2025-12-02 07:15:44,842   | DEBUG    | Received 62:92:76:45:E2:86: .[0m
[34m2025-12-02 07:15:44,844   | DEBUG    | Received 62:92:76:45:E2:86: .[0m
[34m2025-12-02 07:15:44,858   | DEBUG    | Received A8:51:AB:8B:CB:46: .[0m
[34m2025-12-02 07:15:44,859   | DEBUG    | Received A8:51:AB:8B:CB:46: .[0m
[34m2025-12-02 07:15:45,215   | DEBUG    | Received 68:FC:CA:05:66:49: .[0m
[34m2025-12-02 07:15:45,335   | DEBUG    | Received ED:A7:BE:59:2D:48: .[0m
[34m2025-12-02 07:15:45,337   | DEBUG    | Received ED:A7:BE:59:2D:48: .[0m
[34m2025-12-02 07:15:45,674   | DEBUG    | Received 5C:B3:FB:9E:91:26: .[0m
[34m2025-12-02 07:15:45,675   | DEBUG    | Received 5C:B3:FB:9E:91:26: .[0m
[34m2025-12-02 07:15:45,800   | DEBUG    | Received A8:51:AB:8B:CB:46: .[0m
[34m2025-12-02 07:15:45,805   | DEBUG    | Received A8:51:AB:8B:CB:46: .[0m
[34m2025-12-02 07:15:46,750   | DEBUG    | Received 30:AF:7E:32:18:A7: .[0m
[34m2025-12-02 07:15:46,753   | DEBUG    | Received 30:AF:7E:32:18:A7: .[0m
[34m2025-12-02 07:15:46,875   | DEBUG    | Received 66:E1:78:6B:89:FB: .[0m
[34m2025-12-02 07:15:46,878   | DEBUG    | Received 66:E1:78:6B:89:FB: .[0m
[34m2025-12-02 07:15:47,217   | DEBUG    | Received 68:FC:CA:05:66:49: .[0m
[34m2025-12-02 07:15:47,475   | DEBUG    | Received 48:16:21:B9:8E:F3: .[0m
[34m2025-12-02 07:15:47,476   | DEBUG    | Received 48:16:21:B9:8E:F3: .[0m
[34m2025-12-02 07:15:47,686   | DEBUG    | Received 68:FC:CA:05:66:49: .[0m
[34m2025-12-02 07:15:48,302   | DEBUG    | Received 57:1A:4C:AD:2D:1D: .[0m
[34m2025-12-02 07:15:48,536   | DEBUG    | Received 66:E1:78:6B:89:FB: .[0m
[34m2025-12-02 07:15:48,541   | DEBUG    | Received 66:E1:78:6B:89:FB: .[0m
[34m2025-12-02 07:15:48,778   | DEBUG    | Received 30:AF:7E:32:18:A7: .[0m
[34m2025-12-02 07:15:48,781   | DEBUG    | Received 68:FC:CA:05:66:49: .[0m
[34m2025-12-02 07:15:49,136   | DEBUG    | Received 48:16:21:B9:8E:F3: .[0m
[34m2025-12-02 07:15:49,138   | DEBUG    | Received 48:16:21:B9:8E:F3: .[0m
[34m2025-12-02 07:15:49,344   | DEBUG    | Received ED:A7:BE:59:2D:48: .[0m
[34m2025-12-02 07:15:49,346   | DEBUG    | Received ED:A7:BE:59:2D:48: .[0m
[34m2025-12-02 07:15:49,384   | DEBUG    | Received 66:E1:78:6B:89:FB: .[0m
[34m2025-12-02 07:15:49,390   | DEBUG    | Received 66:E1:78:6B:89:FB: .[0m
[34m2025-12-02 07:15:49,471   | DEBUG    | Received 7F:E3:4C:F7:D9:BC: .[0m
[34m2025-12-02 07:15:49,473   | DEBUG    | Received 7F:E3:4C:F7:D9:BC: .[0m
[34m2025-12-02 07:15:49,486   | DEBUG    | 10 devices found. Watcher status: <BluetoothLEAdvertisementWatcherStatus.STOPPED: 3>.[0m
[34m2025-12-02 07:15:49,487   | DEBUG    | 	Device: Unknown (A8:51:AB:8B:CB:46) | UUIDs: [][0m
[34m2025-12-02 07:15:49,487   | DEBUG    | 	Device: Unknown (68:FC:CA:05:66:49) | UUIDs: [][0m
[34m2025-12-02 07:15:49,487   | DEBUG    | 	Device: Unknown (48:16:21:B9:8E:F3) | UUIDs: [][0m
[34m2025-12-02 07:15:49,487   | DEBUG    | 	Device: Unknown (30:AF:7E:32:18:A7) | UUIDs: ['b42e90a2-ade7-11e4-89d3-123b93f75cba'][0m
[34m2025-12-02 07:15:49,487   | DEBUG    | 	Device: Unknown (62:92:76:45:E2:86) | UUIDs: [][0m
[34m2025-12-02 07:15:49,487   | DEBUG    | 	Device: Unknown (ED:A7:BE:59:2D:48) | UUIDs: [][0m
[34m2025-12-02 07:15:49,487   | DEBUG    | 	Device: Unknown (5C:B3:FB:9E:91:26) | UUIDs: [][0m
[34m2025-12-02 07:15:49,487   | DEBUG    | 	Device: Unknown (66:E1:78:6B:89:FB) | UUIDs: [][0m
[34m2025-12-02 07:15:49,488   | DEBUG    | 	Device: Unknown (57:1A:4C:AD:2D:1D) | UUIDs: [][0m
[34m2025-12-02 07:15:49,488   | DEBUG    | 	Device: Unknown (7F:E3:4C:F7:D9:BC) | UUIDs: [][0m
2025-12-02 07:15:49,488   | INFO     |   - Unknown @ A8:51:AB:8B:CB:46, Services: [][0m
2025-12-02 07:15:49,488   | INFO     |   - Unknown @ 68:FC:CA:05:66:49, Services: [][0m
2025-12-02 07:15:49,488   | INFO     |   - Unknown @ 48:16:21:B9:8E:F3, Services: [][0m
2025-12-02 07:15:49,489   | INFO     |   - Unknown @ 30:AF:7E:32:18:A7, Services: ['b42e90a2-ade7-11e4-89d3-123b93f75cba'][0m
2025-12-02 07:15:49,489   | INFO     |   - Unknown @ 62:92:76:45:E2:86, Services: [][0m
2025-12-02 07:15:49,489   | INFO     |   - Unknown @ ED:A7:BE:59:2D:48, Services: [][0m
2025-12-02 07:15:49,489   | INFO     |   - Unknown @ 5C:B3:FB:9E:91:26, Services: [][0m
2025-12-02 07:15:49,490   | INFO     |   - Unknown @ 66:E1:78:6B:89:FB, Services: [][0m
2025-12-02 07:15:49,490   | INFO     |   - Unknown @ 57:1A:4C:AD:2D:1D, Services: [][0m
2025-12-02 07:15:49,490   | INFO     |   - Unknown @ 7F:E3:4C:F7:D9:BC, Services: [][0m
[31m2025-12-02 07:15:49,491   | ERROR    | BioCoin device named "Unknown" not found. Ensure it is powered on and in range.
Traceback (most recent call last):
  File "e:\Dropbox\Work in Progress\Research Projects\BioCoin\Design (on Repo)\software\src\main.py", line 55, in main
    await device.connect()
  File "e:\Dropbox\Work in Progress\Research Projects\BioCoin\Design (on Repo)\software\src\biocoin\device.py", line 79, in connect
    raise RuntimeError(f'BioCoin device named "{name}" not found. Ensure it is powered on and in range.')
RuntimeError: BioCoin device named "Unknown" not found. Ensure it is powered on and in range.[0m
