2025-12-02 07:16:00,781   | INFO     | BioCoin Test Script[0m
2025-12-02 07:16:00,782   | INFO     | Searching for the BioCoin device named "Biocoin"...[0m
2025-12-02 07:16:00,783   | INFO     | Scanning for devices...[0m
[34m2025-12-02 07:16:01,042   | DEBUG    | Received FC:44:AD:2C:74:11: .[0m
[34m2025-12-02 07:16:01,280   | DEBUG    | Received 68:FC:CA:05:66:49: .[0m
[34m2025-12-02 07:16:01,774   | DEBUG    | Received 66:E1:78:6B:89:FB: .[0m
[34m2025-12-02 07:16:01,778   | DEBUG    | Received 66:E1:78:6B:89:FB: .[0m
[34m2025-12-02 07:16:02,106   | DEBUG    | Received 57:1A:4C:AD:2D:1D: .[0m
[34m2025-12-02 07:16:02,362   | DEBUG    | Received 68:FC:CA:05:66:49: .[0m
[34m2025-12-02 07:16:02,484   | DEBUG    | Received 57:1A:4C:AD:2D:1D: .[0m
[34m2025-12-02 07:16:02,604   | DEBUG    | Received A8:51:AB:8B:CB:46: .[0m
[34m2025-12-02 07:16:02,608   | DEBUG    | Received A8:51:AB:8B:CB:46: .[0m
[34m2025-12-02 07:16:02,733   | DEBUG    | Received 5C:B3:FB:9E:91:26: .[0m
[34m2025-12-02 07:16:02,735   | DEBUG    | Received 5C:B3:FB:9E:91:26: .[0m
[34m2025-12-02 07:16:02,852   | DEBUG    | Received 57:1A:4C:AD:2D:1D: .[0m
[34m2025-12-02 07:16:03,292   | DEBUG    | Received 68:FC:CA:05:66:49: .[0m
[34m2025-12-02 07:16:03,413   | DEBUG    | Received 57:1A:4C:AD:2D:1D: .[0m
[34m2025-12-02 07:16:03,539   | DEBUG    | Received A8:51:AB:8B:CB:46: .[0m
[34m2025-12-02 07:16:03,659   | DEBUG    | Received E0:22:05:A6:7E:29: .[0m
[34m2025-12-02 07:16:03,789   | DEBUG    | Received 57:1A:4C:AD:2D:1D: .[0m
[34m2025-12-02 07:16:04,269   | DEBUG    | Received A8:51:AB:8B:CB:46: .[0m
[34m2025-12-02 07:16:04,275   | DEBUG    | Received 66:E1:78:6B:89:FB: .[0m
[34m2025-12-02 07:16:04,280   | DEBUG    | Received 66:E1:78:6B:89:FB: .[0m
[34m2025-12-02 07:16:05,097   | DEBUG    | Received 48:16:21:B9:8E:F3: .[0m
[34m2025-12-02 07:16:05,101   | DEBUG    | Received 48:16:21:B9:8E:F3: .[0m
[34m2025-12-02 07:16:05,322   | DEBUG    | Received 68:FC:CA:05:66:49: .[0m
[34m2025-12-02 07:16:05,921   | DEBUG    | Received 48:16:21:B9:8E:F3: .[0m
[34m2025-12-02 07:16:05,926   | DEBUG    | Received 48:16:21:B9:8E:F3: .[0m
[34m2025-12-02 07:16:05,933   | DEBUG    | Received 68:FC:CA:05:66:49: .[0m
[34m2025-12-02 07:16:05,991   | DEBUG    | 8 devices found. Watcher status: <BluetoothLEAdvertisementWatcherStatus.STOPPED: 3>.[0m
[34m2025-12-02 07:16:05,993   | DEBUG    | 	Device: Unknown (FC:44:AD:2C:74:11) | UUIDs: [][0m
[34m2025-12-02 07:16:05,993   | DEBUG    | 	Device: Unknown (68:FC:CA:05:66:49) | UUIDs: [][0m
[34m2025-12-02 07:16:05,993   | DEBUG    | 	Device: Unknown (66:E1:78:6B:89:FB) | UUIDs: [][0m
[34m2025-12-02 07:16:05,994   | DEBUG    | 	Device: Unknown (57:1A:4C:AD:2D:1D) | UUIDs: [][0m
[34m2025-12-02 07:16:05,994   | DEBUG    | 	Device: Unknown (A8:51:AB:8B:CB:46) | UUIDs: [][0m
[34m2025-12-02 07:16:05,994   | DEBUG    | 	Device: Unknown (5C:B3:FB:9E:91:26) | UUIDs: [][0m
[34m2025-12-02 07:16:05,995   | DEBUG    | 	Device: Unknown (E0:22:05:A6:7E:29) | UUIDs: [][0m
[34m2025-12-02 07:16:05,995   | DEBUG    | 	Device: Unknown (48:16:21:B9:8E:F3) | UUIDs: [][0m
[31m2025-12-02 07:16:05,996   | ERROR    | BioCoin device named "Biocoin" not found. Listing available BLE devices:
[0m
2025-12-02 07:16:05,997   | INFO     | Scanning for devices...[0m
[34m2025-12-02 07:16:06,034   | DEBUG    | Received E4:A8:86:8A:32:A6: .[0m
[34m2025-12-02 07:16:06,395   | DEBUG    | Received 57:1A:4C:AD:2D:1D: .[0m
[34m2025-12-02 07:16:06,545   | DEBUG    | Received 68:FC:CA:05:66:49: .[0m
[34m2025-12-02 07:16:06,768   | DEBUG    | Received 7F:E3:4C:F7:D9:BC: .[0m
[34m2025-12-02 07:16:06,769   | DEBUG    | Received 7F:E3:4C:F7:D9:BC: .[0m
[34m2025-12-02 07:16:06,885   | DEBUG    | Received A8:51:AB:8B:CB:46: .[0m
[34m2025-12-02 07:16:06,888   | DEBUG    | Received A8:51:AB:8B:CB:46: .[0m
[34m2025-12-02 07:16:07,015   | DEBUG    | Received 68:FC:CA:05:66:49: .[0m
[34m2025-12-02 07:16:07,128   | DEBUG    | Received 62:92:76:45:E2:86: .[0m
[34m2025-12-02 07:16:07,135   | DEBUG    | Received 5C:B3:FB:9E:91:26: .[0m
[34m2025-12-02 07:16:07,138   | DEBUG    | Received 5C:B3:FB:9E:91:26: .[0m
[34m2025-12-02 07:16:07,258   | DEBUG    | Received A8:51:AB:8B:CB:46: .[0m
[34m2025-12-02 07:16:07,259   | DEBUG    | Received A8:51:AB:8B:CB:46: .[0m
[34m2025-12-02 07:16:07,848   | DEBUG    | Received 48:16:21:B9:8E:F3: .[0m
[34m2025-12-02 07:16:07,850   | DEBUG    | Received 48:16:21:B9:8E:F3: .[0m
[34m2025-12-02 07:16:07,947   | DEBUG    | Received 5C:B3:FB:9E:91:26: .[0m
[34m2025-12-02 07:16:08,096   | DEBUG    | Received 68:FC:CA:05:66:49: .[0m
[34m2025-12-02 07:16:08,198   | DEBUG    | Received A8:51:AB:8B:CB:46: .[0m
[34m2025-12-02 07:16:08,200   | DEBUG    | Received A8:51:AB:8B:CB:46: .[0m
