2025-12-01 20:33:46,059   | INFO     | BioCoin Test Script[0m
2025-12-01 20:33:46,060   | INFO     | Searching for the BioCoin device named "Biocoin"...[0m
2025-12-01 20:33:46,060   | INFO     | Scanning for devices...[0m
[34m2025-12-01 20:33:46,195   | DEBUG    | Received F2:2C:52:61:FC:6A: .[0m
[34m2025-12-01 20:33:46,199   | DEBUG    | Received F2:2C:52:61:FC:6A: BioCoin.[0m
[34m2025-12-01 20:33:46,381   | DEBUG    | Received F2:2C:52:61:FC:6A: .[0m
[34m2025-12-01 20:33:46,383   | DEBUG    | Received F2:2C:52:61:FC:6A: BioCoin.[0m
[34m2025-12-01 20:33:46,552   | DEBUG    | Received F2:2C:52:61:FC:6A: .[0m
[34m2025-12-01 20:33:46,553   | DEBUG    | Received F2:2C:52:61:FC:6A: BioCoin.[0m
[34m2025-12-01 20:33:46,915   | DEBUG    | Received 66:90:E7:F9:F6:95: .[0m
[34m2025-12-01 20:33:46,921   | DEBUG    | Received 68:FC:CA:05:66:49: .[0m
[34m2025-12-01 20:33:47,049   | DEBUG    | Received 4B:14:2F:C2:C1:65: .[0m
[34m2025-12-01 20:33:47,050   | DEBUG    | Received 4B:14:2F:C2:C1:65: .[0m
[34m2025-12-01 20:33:47,165   | DEBUG    | Received 30:AF:7E:32:18:A7: .[0m
[34m2025-12-01 20:33:47,166   | DEBUG    | Received 30:AF:7E:32:18:A7: .[0m
[34m2025-12-01 20:33:47,172   | DEBUG    | Received F2:2C:52:61:FC:6A: .[0m
[34m2025-12-01 20:33:47,173   | DEBUG    | Received F2:2C:52:61:FC:6A: BioCoin.[0m
[34m2025-12-01 20:33:47,270   | DEBUG    | Received F2:2C:52:61:FC:6A: .[0m
[34m2025-12-01 20:33:47,273   | DEBUG    | Received F2:2C:52:61:FC:6A: BioCoin.[0m
[34m2025-12-01 20:33:47,408   | DEBUG    | Received F2:2C:52:61:FC:6A: .[0m
[34m2025-12-01 20:33:47,414   | DEBUG    | Received F2:2C:52:61:FC:6A: BioCoin.[0m
[34m2025-12-01 20:33:47,663   | DEBUG    | Received F2:2C:52:61:FC:6A: .[0m
[34m2025-12-01 20:33:47,734   | DEBUG    | Received F2:2C:52:61:FC:6A: .[0m
[34m2025-12-01 20:33:47,738   | DEBUG    | Received F2:2C:52:61:FC:6A: BioCoin.[0m
[34m2025-12-01 20:33:47,741   | DEBUG    | Received 57:06:F5:C1:2B:BE: .[0m
[34m2025-12-01 20:33:48,108   | DEBUG    | Received 57:06:F5:C1:2B:BE: .[0m
[34m2025-12-01 20:33:48,231   | DEBUG    | Received F2:2C:52:61:FC:6A: .[0m
[34m2025-12-01 20:33:48,234   | DEBUG    | Received F2:2C:52:61:FC:6A: BioCoin.[0m
[34m2025-12-01 20:33:48,329   | DEBUG    | Received F2:2C:52:61:FC:6A: .[0m
[34m2025-12-01 20:33:48,331   | DEBUG    | Received F2:2C:52:61:FC:6A: BioCoin.[0m
[34m2025-12-01 20:33:48,446   | DEBUG    | Received 40:A7:A2:AD:11:8D: .[0m
[34m2025-12-01 20:33:48,450   | DEBUG    | Received 40:A7:A2:AD:11:8D: .[0m
[34m2025-12-01 20:33:48,459   | DEBUG    | Received 68:FC:CA:05:66:49: .[0m
[34m2025-12-01 20:33:48,463   | DEBUG    | Received F2:2C:52:61:FC:6A: .[0m
[34m2025-12-01 20:33:48,466   | DEBUG    | Received F2:2C:52:61:FC:6A: BioCoin.[0m
[34m2025-12-01 20:33:48,808   | DEBUG    | Received F2:2C:52:61:FC:6A: .[0m
[34m2025-12-01 20:33:48,811   | DEBUG    | Received F2:2C:52:61:FC:6A: BioCoin.[0m
[34m2025-12-01 20:33:49,062   | DEBUG    | Received A8:51:AB:8B:CB:46: .[0m
[34m2025-12-01 20:33:49,297   | DEBUG    | Received F2:2C:52:61:FC:6A: .[0m
[34m2025-12-01 20:33:49,300   | DEBUG    | Received F2:2C:52:61:FC:6A: BioCoin.[0m
[34m2025-12-01 20:33:49,403   | DEBUG    | Received 66:90:E7:F9:F6:95: .[0m
[34m2025-12-01 20:33:49,407   | DEBUG    | Received 66:90:E7:F9:F6:95: .[0m
[34m2025-12-01 20:33:49,410   | DEBUG    | Received 57:06:F5:C1:2B:BE: .[0m
[34m2025-12-01 20:33:49,528   | DEBUG    | Received EE:22:D5:B7:3F:11: .[0m
[34m2025-12-01 20:33:49,752   | DEBUG    | Received F2:2C:52:61:FC:6A: .[0m
[34m2025-12-01 20:33:50,017   | DEBUG    | Received 68:FC:CA:05:66:49: .[0m
[34m2025-12-01 20:33:50,242   | DEBUG    | Received F2:2C:52:61:FC:6A: .[0m
[34m2025-12-01 20:33:50,247   | DEBUG    | Received F2:2C:52:61:FC:6A: BioCoin.[0m
[34m2025-12-01 20:33:50,251   | DEBUG    | Received 6D:FD:9B:50:83:C9: .[0m
[34m2025-12-01 20:33:50,252   | DEBUG    | Received 6D:FD:9B:50:83:C9: .[0m
[34m2025-12-01 20:33:50,361   | DEBUG    | Received A8:51:AB:8B:CB:46: .[0m
[34m2025-12-01 20:33:50,363   | DEBUG    | Received A8:51:AB:8B:CB:46: .[0m
[34m2025-12-01 20:33:50,477   | DEBUG    | Received 68:FC:CA:05:66:49: .[0m
[34m2025-12-01 20:33:50,486   | DEBUG    | Received F2:2C:52:61:FC:6A: .[0m
[34m2025-12-01 20:33:50,490   | DEBUG    | Received F2:2C:52:61:FC:6A: BioCoin.[0m
[34m2025-12-01 20:33:50,587   | DEBUG    | Received F2:2C:52:61:FC:6A: .[0m
[34m2025-12-01 20:33:50,589   | DEBUG    | Received F2:2C:52:61:FC:6A: BioCoin.[0m
[34m2025-12-01 20:33:50,699   | DEBUG    | Received F2:2C:52:61:FC:6A: .[0m
[34m2025-12-01 20:33:50,701   | DEBUG    | Received F2:2C:52:61:FC:6A: BioCoin.[0m
[34m2025-12-01 20:33:50,846   | DEBUG    | Received F2:2C:52:61:FC:6A: .[0m
[34m2025-12-01 20:33:50,941   | DEBUG    | Received 68:FC:CA:05:66:49: .[0m
[34m2025-12-01 20:33:50,947   | DEBUG    | Received F2:2C:52:61:FC:6A: .[0m
[34m2025-12-01 20:33:50,949   | DEBUG    | Received F2:2C:52:61:FC:6A: BioCoin.[0m
[34m2025-12-01 20:33:51,063   | DEBUG    | Received 66:90:E7:F9:F6:95: .[0m
[34m2025-12-01 20:33:51,140   | DEBUG    | 10 devices found. Watcher status: <BluetoothLEAdvertisementWatcherStatus.STOPPED: 3>.[0m
[34m2025-12-01 20:33:51,141   | DEBUG    | 	Device: BioCoin (F2:2C:52:61:FC:6A) | UUIDs: ['00001523-1212-efde-1523-785feabc93aa'][0m
[34m2025-12-01 20:33:51,141   | DEBUG    | 	Device: Unknown (66:90:E7:F9:F6:95) | UUIDs: [][0m
[34m2025-12-01 20:33:51,141   | DEBUG    | 	Device: Unknown (68:FC:CA:05:66:49) | UUIDs: [][0m
[34m2025-12-01 20:33:51,141   | DEBUG    | 	Device: Unknown (4B:14:2F:C2:C1:65) | UUIDs: [][0m
[34m2025-12-01 20:33:51,141   | DEBUG    | 	Device: Unknown (30:AF:7E:32:18:A7) | UUIDs: ['b42e90a2-ade7-11e4-89d3-123b93f75cba'][0m
[34m2025-12-01 20:33:51,141   | DEBUG    | 	Device: Unknown (57:06:F5:C1:2B:BE) | UUIDs: [][0m
[34m2025-12-01 20:33:51,141   | DEBUG    | 	Device: Unknown (40:A7:A2:AD:11:8D) | UUIDs: [][0m
[34m2025-12-01 20:33:51,141   | DEBUG    | 	Device: Unknown (A8:51:AB:8B:CB:46) | UUIDs: [][0m
[34m2025-12-01 20:33:51,141   | DEBUG    | 	Device: Unknown (EE:22:D5:B7:3F:11) | UUIDs: [][0m
[34m2025-12-01 20:33:51,141   | DEBUG    | 	Device: Unknown (6D:FD:9B:50:83:C9) | UUIDs: [][0m
2025-12-01 20:33:51,141   | INFO     | Found BioCoin device at F2:2C:52:61:FC:6A![0m
[34m2025-12-01 20:33:51,439   | DEBUG    | Received A8:51:AB:8B:CB:46: .[0m
[34m2025-12-01 20:33:51,445   | DEBUG    | Received F2:2C:52:61:FC:6A: .[0m
[34m2025-12-01 20:33:51,448   | DEBUG    | 2 devices found. Watcher status: <BluetoothLEAdvertisementWatcherStatus.STOPPED: 3>.[0m
[34m2025-12-01 20:33:51,448   | DEBUG    | Connecting to BLE device @ F2:2C:52:61:FC:6A[0m
[34m2025-12-01 20:33:51,497   | DEBUG    | getting services (service_cache_mode=None, cache_mode=None)...[0m
[34m2025-12-01 20:33:51,571   | DEBUG    | session_status_changed_event_handler: id: BluetoothLE#BluetoothLEfc:b0:de:31:dc:fe-f2:2c:52:61:fc:6a, error: <BluetoothError.SUCCESS: 0>, status: <GattSessionStatus.ACTIVE: 1>[0m
[34m2025-12-01 20:33:51,646   | DEBUG    | max_pdu_size_changed_handler: 247[0m
[34m2025-12-01 20:33:52,077   | DEBUG    | F2:2C:52:61:FC:6A: services changed[0m
[34m2025-12-01 20:33:55,569   | DEBUG    | F2:2C:52:61:FC:6A: services changed[0m
2025-12-01 20:33:59,208   | INFO     | Connected to BioCoin device at F2:2C:52:61:FC:6A.[0m
[34m2025-12-01 20:33:59,409   | DEBUG    | Read Characteristic 0022 : bytearray(b'd')[0m
2025-12-01 20:33:59,409   | INFO     | Battery Level: 100%[0m
2025-12-01 20:33:59,410   | INFO     | Sending SWV technique parameters...[0m
[34m2025-12-01 20:34:00,907   | DEBUG    | Read Characteristic 0026 : bytearray(b'\x01')[0m
[34m2025-12-01 20:34:00,907   | DEBUG    | Device status read: INVALID_PARAMETERS (1)[0m
[31m2025-12-01 20:34:00,908   | ERROR    | Invalid parameters
Traceback (most recent call last):
  File "e:\Dropbox\Work in Progress\Research Projects\BioCoin\Design (on Repo)\software\src\main.py", line 128, in main
    await SWV.configure(
    ...<8 lines>...
    )
  File "e:\Dropbox\Work in Progress\Research Projects\BioCoin\Design (on Repo)\software\src\biocoin\techniques\SWV.py", line 160, in configure
    await self.assert_config_ok()
  File "e:\Dropbox\Work in Progress\Research Projects\BioCoin\Design (on Repo)\software\src\biocoin\techniques\base_technique.py", line 166, in assert_config_ok
    raise ValueError('Invalid parameters')
ValueError: Invalid parameters[0m
[34m2025-12-01 20:34:00,910   | DEBUG    | Disconnecting from BLE device...[0m
[34m2025-12-01 20:34:04,113   | DEBUG    | max_pdu_size_changed_handler: 23[0m
[34m2025-12-01 20:34:04,113   | DEBUG    | session_status_changed_event_handler: id: BluetoothLE#BluetoothLEfc:b0:de:31:dc:fe-f2:2c:52:61:fc:6a, error: <BluetoothError.SUCCESS: 0>, status: <GattSessionStatus.CLOSED: 0>[0m
[34m2025-12-01 20:34:04,115   | DEBUG    | closing requester[0m
[34m2025-12-01 20:34:04,115   | DEBUG    | closing session[0m
2025-12-01 20:34:04,118   | INFO     | Disconnected from BioCoin device.[0m
