2025-12-01 20:43:54,885   | INFO     | BioCoin Test Script[0m
2025-12-01 20:43:54,888   | INFO     | Searching for the BioCoin device named "Biocoin"...[0m
2025-12-01 20:43:54,889   | INFO     | Scanning for devices...[0m
[34m2025-12-01 20:43:55,052   | DEBUG    | Received 68:FC:CA:05:66:49: .[0m
[34m2025-12-01 20:43:55,175   | DEBUG    | Received F2:2C:52:61:FC:6A: .[0m
[34m2025-12-01 20:43:55,177   | DEBUG    | Received F2:2C:52:61:FC:6A: BioCoin.[0m
[34m2025-12-01 20:43:55,305   | DEBUG    | Received FB:E6:83:3D:5D:84: .[0m
[34m2025-12-01 20:43:55,309   | DEBUG    | Received FB:E6:83:3D:5D:84: .[0m
[34m2025-12-01 20:43:55,314   | DEBUG    | Received F2:2C:52:61:FC:6A: .[0m
[34m2025-12-01 20:43:55,318   | DEBUG    | Received F2:2C:52:61:FC:6A: BioCoin.[0m
[34m2025-12-01 20:43:55,424   | DEBUG    | Received F2:2C:52:61:FC:6A: .[0m
[34m2025-12-01 20:43:55,427   | DEBUG    | Received F2:2C:52:61:FC:6A: BioCoin.[0m
[34m2025-12-01 20:43:55,431   | DEBUG    | Received A8:51:AB:8B:CB:46: .[0m
[34m2025-12-01 20:43:55,434   | DEBUG    | Received A8:51:AB:8B:CB:46: .[0m
[34m2025-12-01 20:43:55,535   | DEBUG    | Received 79:DA:4A:8D:A1:B6: .[0m
[34m2025-12-01 20:43:55,662   | DEBUG    | Received F2:2C:52:61:FC:6A: .[0m
[34m2025-12-01 20:43:55,664   | DEBUG    | Received F2:2C:52:61:FC:6A: BioCoin.[0m
[34m2025-12-01 20:43:55,777   | DEBUG    | Received 7A:34:57:FC:F6:D9: .[0m
[34m2025-12-01 20:43:55,782   | DEBUG    | Received 7A:34:57:FC:F6:D9: .[0m
[34m2025-12-01 20:43:55,903   | DEBUG    | Received F2:2C:52:61:FC:6A: .[0m
[34m2025-12-01 20:43:55,906   | DEBUG    | Received F2:2C:52:61:FC:6A: BioCoin.[0m
[34m2025-12-01 20:43:55,909   | DEBUG    | Received 79:DA:4A:8D:A1:B6: .[0m
[34m2025-12-01 20:43:56,007   | DEBUG    | Received F2:2C:52:61:FC:6A: .[0m
[34m2025-12-01 20:43:56,009   | DEBUG    | Received F2:2C:52:61:FC:6A: BioCoin.[0m
[34m2025-12-01 20:43:56,155   | DEBUG    | Received F2:2C:52:61:FC:6A: .[0m
[34m2025-12-01 20:43:56,158   | DEBUG    | Received F2:2C:52:61:FC:6A: BioCoin.[0m
[34m2025-12-01 20:43:56,160   | DEBUG    | Received 7A:CE:44:66:F7:49: .[0m
[34m2025-12-01 20:43:56,163   | DEBUG    | Received 7A:CE:44:66:F7:49: .[0m
[34m2025-12-01 20:43:56,254   | DEBUG    | Received F2:2C:52:61:FC:6A: .[0m
[34m2025-12-01 20:43:56,259   | DEBUG    | Received F2:2C:52:61:FC:6A: BioCoin.[0m
[34m2025-12-01 20:43:56,492   | DEBUG    | Received F2:2C:52:61:FC:6A: .[0m
[34m2025-12-01 20:43:56,497   | DEBUG    | Received F2:2C:52:61:FC:6A: BioCoin.[0m
[34m2025-12-01 20:43:56,502   | DEBUG    | Received F8:2A:CC:F9:68:2B: .[0m
[34m2025-12-01 20:43:56,614   | DEBUG    | Received 68:FC:CA:05:66:49: .[0m
[34m2025-12-01 20:43:56,622   | DEBUG    | Received EE:22:D5:B7:3F:11: .[0m
[34m2025-12-01 20:43:56,733   | DEBUG    | Received A8:51:AB:8B:CB:46: .[0m
[34m2025-12-01 20:43:56,737   | DEBUG    | Received A8:51:AB:8B:CB:46: .[0m
[34m2025-12-01 20:43:57,206   | DEBUG    | Received 79:DA:4A:8D:A1:B6: .[0m
[34m2025-12-01 20:43:57,440   | DEBUG    | Received F2:2C:52:61:FC:6A: .[0m
[34m2025-12-01 20:43:57,444   | DEBUG    | Received F2:2C:52:61:FC:6A: BioCoin.[0m
[34m2025-12-01 20:43:57,575   | DEBUG    | Received 79:DA:4A:8D:A1:B6: .[0m
[34m2025-12-01 20:43:57,667   | DEBUG    | Received F2:2C:52:61:FC:6A: .[0m
[34m2025-12-01 20:43:57,672   | DEBUG    | Received F2:2C:52:61:FC:6A: BioCoin.[0m
[34m2025-12-01 20:43:57,918   | DEBUG    | Received F2:2C:52:61:FC:6A: .[0m
[34m2025-12-01 20:43:57,921   | DEBUG    | Received F2:2C:52:61:FC:6A: BioCoin.[0m
[34m2025-12-01 20:43:58,037   | DEBUG    | Received A8:51:AB:8B:CB:46: .[0m
[34m2025-12-01 20:43:58,040   | DEBUG    | Received A8:51:AB:8B:CB:46: .[0m
[34m2025-12-01 20:43:58,042   | DEBUG    | Received F2:2C:52:61:FC:6A: .[0m
[34m2025-12-01 20:43:58,044   | DEBUG    | Received F2:2C:52:61:FC:6A: BioCoin.[0m
[34m2025-12-01 20:43:58,143   | DEBUG    | Received F2:2C:52:61:FC:6A: .[0m
[34m2025-12-01 20:43:58,145   | DEBUG    | Received 28:AF:42:22:8D:3B: .[0m
[34m2025-12-01 20:43:58,150   | DEBUG    | Received 68:FC:CA:05:66:49: .[0m
[34m2025-12-01 20:43:58,278   | DEBUG    | Received F2:2C:52:61:FC:6A: .[0m
[34m2025-12-01 20:43:58,280   | DEBUG    | Received F2:2C:52:61:FC:6A: BioCoin.[0m
[34m2025-12-01 20:43:58,399   | DEBUG    | Received F2:2C:52:61:FC:6A: .[0m
[34m2025-12-01 20:43:58,405   | DEBUG    | Received F2:2C:52:61:FC:6A: BioCoin.[0m
[34m2025-12-01 20:43:58,630   | DEBUG    | Received 7A:CE:44:66:F7:49: .[0m
[34m2025-12-01 20:43:58,632   | DEBUG    | Received 7A:CE:44:66:F7:49: .[0m
[34m2025-12-01 20:43:58,638   | DEBUG    | Received F2:2C:52:61:FC:6A: .[0m
[34m2025-12-01 20:43:58,643   | DEBUG    | Received F2:2C:52:61:FC:6A: BioCoin.[0m
[34m2025-12-01 20:43:58,972   | DEBUG    | Received F2:2C:52:61:FC:6A: .[0m
[34m2025-12-01 20:43:58,977   | DEBUG    | Received F2:2C:52:61:FC:6A: BioCoin.[0m
[34m2025-12-01 20:43:59,117   | DEBUG    | Received F2:2C:52:61:FC:6A: .[0m
[34m2025-12-01 20:43:59,223   | DEBUG    | Received F2:2C:52:61:FC:6A: .[0m
[34m2025-12-01 20:43:59,224   | DEBUG    | Received F2:2C:52:61:FC:6A: BioCoin.[0m
[34m2025-12-01 20:43:59,587   | DEBUG    | Received F2:2C:52:61:FC:6A: .[0m
[34m2025-12-01 20:43:59,592   | DEBUG    | Received F2:2C:52:61:FC:6A: BioCoin.[0m
[34m2025-12-01 20:43:59,693   | DEBUG    | Received F2:2C:52:61:FC:6A: .[0m
[34m2025-12-01 20:43:59,695   | DEBUG    | Received F2:2C:52:61:FC:6A: BioCoin.[0m
[34m2025-12-01 20:43:59,942   | DEBUG    | Received F2:2C:52:61:FC:6A: .[0m
[34m2025-12-01 20:43:59,991   | DEBUG    | 10 devices found. Watcher status: <BluetoothLEAdvertisementWatcherStatus.STOPPED: 3>.[0m
[34m2025-12-01 20:43:59,992   | DEBUG    | 	Device: Unknown (68:FC:CA:05:66:49) | UUIDs: [][0m
[34m2025-12-01 20:43:59,992   | DEBUG    | 	Device: BioCoin (F2:2C:52:61:FC:6A) | UUIDs: ['00001523-1212-efde-1523-785feabc93aa'][0m
[34m2025-12-01 20:43:59,992   | DEBUG    | 	Device: Unknown (FB:E6:83:3D:5D:84) | UUIDs: [][0m
[34m2025-12-01 20:43:59,992   | DEBUG    | 	Device: Unknown (A8:51:AB:8B:CB:46) | UUIDs: [][0m
[34m2025-12-01 20:43:59,993   | DEBUG    | 	Device: Unknown (79:DA:4A:8D:A1:B6) | UUIDs: [][0m
[34m2025-12-01 20:43:59,993   | DEBUG    | 	Device: Unknown (7A:34:57:FC:F6:D9) | UUIDs: [][0m
[34m2025-12-01 20:43:59,993   | DEBUG    | 	Device: Unknown (7A:CE:44:66:F7:49) | UUIDs: [][0m
[34m2025-12-01 20:43:59,993   | DEBUG    | 	Device: Unknown (F8:2A:CC:F9:68:2B) | UUIDs: [][0m
[34m2025-12-01 20:43:59,993   | DEBUG    | 	Device: Unknown (EE:22:D5:B7:3F:11) | UUIDs: [][0m
[34m2025-12-01 20:43:59,993   | DEBUG    | 	Device: Unknown (28:AF:42:22:8D:3B) | UUIDs: [][0m
2025-12-01 20:43:59,993   | INFO     | Found BioCoin device at F2:2C:52:61:FC:6A![0m
[34m2025-12-01 20:44:00,064   | DEBUG    | Received 30:AF:7E:32:18:A7: .[0m
[34m2025-12-01 20:44:00,066   | DEBUG    | Received 30:AF:7E:32:18:A7: .[0m
[34m2025-12-01 20:44:00,326   | DEBUG    | Received F2:2C:52:61:FC:6A: .[0m
[34m2025-12-01 20:44:00,331   | DEBUG    | Received 68:FC:CA:05:66:49: .[0m
[34m2025-12-01 20:44:00,332   | DEBUG    | 3 devices found. Watcher status: <BluetoothLEAdvertisementWatcherStatus.STOPPED: 3>.[0m
[34m2025-12-01 20:44:00,333   | DEBUG    | Connecting to BLE device @ F2:2C:52:61:FC:6A[0m
[34m2025-12-01 20:44:00,406   | DEBUG    | getting services (service_cache_mode=None, cache_mode=None)...[0m
[34m2025-12-01 20:44:00,538   | DEBUG    | session_status_changed_event_handler: id: BluetoothLE#BluetoothLEfc:b0:de:31:dc:fe-f2:2c:52:61:fc:6a, error: <BluetoothError.SUCCESS: 0>, status: <GattSessionStatus.ACTIVE: 1>[0m
[34m2025-12-01 20:44:00,622   | DEBUG    | max_pdu_size_changed_handler: 247[0m
[34m2025-12-01 20:44:00,921   | DEBUG    | F2:2C:52:61:FC:6A: services changed[0m
[34m2025-12-01 20:44:08,029   | DEBUG    | F2:2C:52:61:FC:6A: services changed[0m
2025-12-01 20:44:11,207   | INFO     | Connected to BioCoin device at F2:2C:52:61:FC:6A.[0m
[34m2025-12-01 20:44:11,401   | DEBUG    | Read Characteristic 0022 : bytearray(b'd')[0m
2025-12-01 20:44:11,402   | INFO     | Battery Level: 100%[0m
2025-12-01 20:44:11,403   | INFO     | Sending DPV technique parameters...[0m
[34m2025-12-01 20:44:12,801   | DEBUG    | Read Characteristic 0026 : bytearray(b'\x01')[0m
[34m2025-12-01 20:44:12,803   | DEBUG    | Device status read: INVALID_PARAMETERS (1)[0m
[31m2025-12-01 20:44:12,804   | ERROR    | Invalid parameters
Traceback (most recent call last):
  File "e:\Dropbox\Work in Progress\Research Projects\BioCoin\Design (on Repo)\software\src\main.py", line 107, in main
    await DPV.configure(
    ...<9 lines>...
    )
  File "e:\Dropbox\Work in Progress\Research Projects\BioCoin\Design (on Repo)\software\src\biocoin\techniques\DPV.py", line 166, in configure
    await self.assert_config_ok()
  File "e:\Dropbox\Work in Progress\Research Projects\BioCoin\Design (on Repo)\software\src\biocoin\techniques\base_technique.py", line 166, in assert_config_ok
    raise ValueError('Invalid parameters')
ValueError: Invalid parameters[0m
[34m2025-12-01 20:44:12,822   | DEBUG    | Disconnecting from BLE device...[0m
[34m2025-12-01 20:44:16,005   | DEBUG    | max_pdu_size_changed_handler: 23[0m
[34m2025-12-01 20:44:16,007   | DEBUG    | session_status_changed_event_handler: id: BluetoothLE#BluetoothLEfc:b0:de:31:dc:fe-f2:2c:52:61:fc:6a, error: <BluetoothError.SUCCESS: 0>, status: <GattSessionStatus.CLOSED: 0>[0m
[34m2025-12-01 20:44:16,009   | DEBUG    | closing requester[0m
[34m2025-12-01 20:44:16,010   | DEBUG    | closing session[0m
2025-12-01 20:44:16,013   | INFO     | Disconnected from BioCoin device.[0m
