2025-12-02 07:16:13,068   | INFO     | BioCoin Test Script[0m
2025-12-02 07:16:13,070   | INFO     | Searching for the BioCoin device named "Biocoin"...[0m
2025-12-02 07:16:13,071   | INFO     | Scanning for devices...[0m
[34m2025-12-02 07:16:13,181   | DEBUG    | Received 62:92:76:45:E2:86: .[0m
[34m2025-12-02 07:16:13,200   | DEBUG    | Received 62:92:76:45:E2:86: .[0m
[34m2025-12-02 07:16:13,414   | DEBUG    | Received A8:51:AB:8B:CB:46: .[0m
[34m2025-12-02 07:16:13,645   | DEBUG    | Received 48:16:21:B9:8E:F3: .[0m
[34m2025-12-02 07:16:13,647   | DEBUG    | Received 48:16:21:B9:8E:F3: .[0m
[34m2025-12-02 07:16:14,151   | DEBUG    | Received A8:51:AB:8B:CB:46: .[0m
[34m2025-12-02 07:16:14,258   | DEBUG    | Received 5C:B3:FB:9E:91:26: .[0m
[34m2025-12-02 07:16:14,262   | DEBUG    | Received 5C:B3:FB:9E:91:26: .[0m
[34m2025-12-02 07:16:14,266   | DEBUG    | Received 57:1A:4C:AD:2D:1D: .[0m
[34m2025-12-02 07:16:14,612   | DEBUG    | Received 68:FC:CA:05:66:49: .[0m
[34m2025-12-02 07:16:15,025   | DEBUG    | Received 30:AF:7E:32:18:A7: .[0m
[34m2025-12-02 07:16:15,029   | DEBUG    | Received 30:AF:7E:32:18:A7: .[0m
[34m2025-12-02 07:16:15,036   | DEBUG    | Received 48:16:21:B9:8E:F3: .[0m
[34m2025-12-02 07:16:15,041   | DEBUG    | Received 48:16:21:B9:8E:F3: .[0m
[34m2025-12-02 07:16:15,066   | DEBUG    | Received 68:FC:CA:05:66:49: .[0m
[34m2025-12-02 07:16:15,086   | DEBUG    | Received A8:51:AB:8B:CB:46: .[0m
[34m2025-12-02 07:16:15,088   | DEBUG    | Received A8:51:AB:8B:CB:46: .[0m
[34m2025-12-02 07:16:15,554   | DEBUG    | Received 57:1A:4C:AD:2D:1D: .[0m
[34m2025-12-02 07:16:16,028   | DEBUG    | Received A8:51:AB:8B:CB:46: .[0m
[34m2025-12-02 07:16:16,029   | DEBUG    | Received A8:51:AB:8B:CB:46: .[0m
[34m2025-12-02 07:16:16,505   | DEBUG    | Received 48:16:21:B9:8E:F3: .[0m
[34m2025-12-02 07:16:16,511   | DEBUG    | Received 57:1A:4C:AD:2D:1D: .[0m
[34m2025-12-02 07:16:16,614   | DEBUG    | Received 68:FC:CA:05:66:49: .[0m
[34m2025-12-02 07:16:16,980   | DEBUG    | Received 66:E1:78:6B:89:FB: .[0m
[34m2025-12-02 07:16:16,983   | DEBUG    | Received 66:E1:78:6B:89:FB: .[0m
[34m2025-12-02 07:16:17,331   | DEBUG    | Received A8:51:AB:8B:CB:46: .[0m
[34m2025-12-02 07:16:17,332   | DEBUG    | Received A8:51:AB:8B:CB:46: .[0m
[34m2025-12-02 07:16:17,824   | DEBUG    | Received 62:92:76:45:E2:86: .[0m
[34m2025-12-02 07:16:17,826   | DEBUG    | Received 5C:B3:FB:9E:91:26: .[0m
[34m2025-12-02 07:16:17,827   | DEBUG    | Received 5C:B3:FB:9E:91:26: .[0m
[34m2025-12-02 07:16:18,035   | DEBUG    | Received 48:16:21:B9:8E:F3: .[0m
[34m2025-12-02 07:16:18,039   | DEBUG    | Received 48:16:21:B9:8E:F3: .[0m
[34m2025-12-02 07:16:18,042   | DEBUG    | Received 30:AF:7E:32:18:A7: .[0m
[34m2025-12-02 07:16:18,047   | DEBUG    | Received 30:AF:7E:32:18:A7: .[0m
[34m2025-12-02 07:16:18,162   | DEBUG    | 8 devices found. Watcher status: <BluetoothLEAdvertisementWatcherStatus.STOPPED: 3>.[0m
[34m2025-12-02 07:16:18,163   | DEBUG    | 	Device: Unknown (62:92:76:45:E2:86) | UUIDs: [][0m
[34m2025-12-02 07:16:18,163   | DEBUG    | 	Device: Unknown (A8:51:AB:8B:CB:46) | UUIDs: [][0m
[34m2025-12-02 07:16:18,163   | DEBUG    | 	Device: Unknown (48:16:21:B9:8E:F3) | UUIDs: [][0m
[34m2025-12-02 07:16:18,163   | DEBUG    | 	Device: Unknown (5C:B3:FB:9E:91:26) | UUIDs: [][0m
[34m2025-12-02 07:16:18,163   | DEBUG    | 	Device: Unknown (57:1A:4C:AD:2D:1D) | UUIDs: [][0m
[34m2025-12-02 07:16:18,163   | DEBUG    | 	Device: Unknown (68:FC:CA:05:66:49) | UUIDs: [][0m
[34m2025-12-02 07:16:18,163   | DEBUG    | 	Device: Unknown (30:AF:7E:32:18:A7) | UUIDs: ['b42e90a2-ade7-11e4-89d3-123b93f75cba'][0m
[34m2025-12-02 07:16:18,163   | DEBUG    | 	Device: Unknown (66:E1:78:6B:89:FB) | UUIDs: [][0m
[31m2025-12-02 07:16:18,163   | ERROR    | BioCoin device named "Biocoin" not found. Listing available BLE devices:
[0m
2025-12-02 07:16:18,163   | INFO     | Scanning for devices...[0m
[34m2025-12-02 07:16:18,644   | DEBUG    | Received 5C:B3:FB:9E:91:26: .[0m
[34m2025-12-02 07:16:18,649   | DEBUG    | Received 5C:B3:FB:9E:91:26: .[0m
[34m2025-12-02 07:16:19,007   | DEBUG    | Received A8:51:AB:8B:CB:46: .[0m
[34m2025-12-02 07:16:19,012   | DEBUG    | Received A8:51:AB:8B:CB:46: .[0m
[34m2025-12-02 07:16:19,115   | DEBUG    | Received 57:1A:4C:AD:2D:1D: .[0m
[34m2025-12-02 07:16:19,228   | DEBUG    | Received 68:FC:CA:05:66:49: .[0m
[34m2025-12-02 07:16:19,471   | DEBUG    | Received 5C:B3:FB:9E:91:26: .[0m
[34m2025-12-02 07:16:19,472   | DEBUG    | Received 5C:B3:FB:9E:91:26: .[0m
[34m2025-12-02 07:16:19,692   | DEBUG    | Received 68:FC:CA:05:66:49: .[0m
[34m2025-12-02 07:16:19,700   | DEBUG    | Received E0:22:05:A6:7E:29: .[0m
[34m2025-12-02 07:16:19,951   | DEBUG    | Received 48:16:21:B9:8E:F3: .[0m
[34m2025-12-02 07:16:19,953   | DEBUG    | Received 48:16:21:B9:8E:F3: .[0m
[34m2025-12-02 07:16:20,056   | DEBUG    | Received 30:AF:7E:32:18:A7: .[0m
[34m2025-12-02 07:16:20,059   | DEBUG    | Received 30:AF:7E:32:18:A7: .[0m
[34m2025-12-02 07:16:20,673   | DEBUG    | Received A8:51:AB:8B:CB:46: .[0m
[34m2025-12-02 07:16:20,677   | DEBUG    | Received A8:51:AB:8B:CB:46: .[0m
[34m2025-12-02 07:16:20,776   | DEBUG    | Received 48:16:21:B9:8E:F3: .[0m
[34m2025-12-02 07:16:20,777   | DEBUG    | Received 48:16:21:B9:8E:F3: .[0m
[34m2025-12-02 07:16:20,782   | DEBUG    | Received 57:1A:4C:AD:2D:1D: .[0m
[34m2025-12-02 07:16:20,786   | DEBUG    | Received 68:FC:CA:05:66:49: .[0m
[34m2025-12-02 07:16:21,121   | DEBUG    | Received 5C:B3:FB:9E:91:26: .[0m
[34m2025-12-02 07:16:21,395   | DEBUG    | Received 5C:B3:FB:9E:91:26: .[0m
[34m2025-12-02 07:16:21,397   | DEBUG    | Received 5C:B3:FB:9E:91:26: .[0m
[34m2025-12-02 07:16:21,711   | DEBUG    | Received 68:FC:CA:05:66:49: .[0m
[34m2025-12-02 07:16:21,958   | DEBUG    | Received A8:51:AB:8B:CB:46: .[0m
[34m2025-12-02 07:16:21,959   | DEBUG    | Received A8:51:AB:8B:CB:46: .[0m
[34m2025-12-02 07:16:22,088   | DEBUG    | Received 57:1A:4C:AD:2D:1D: .[0m
[34m2025-12-02 07:16:22,442   | DEBUG    | Received 7F:E3:4C:F7:D9:BC: .[0m
[34m2025-12-02 07:16:22,444   | DEBUG    | Received 7F:E3:4C:F7:D9:BC: .[0m
[34m2025-12-02 07:16:22,688   | DEBUG    | Received D1:41:89:48:E0:9E: .[0m
[34m2025-12-02 07:16:22,809   | DEBUG    | Received 62:92:76:45:E2:86: .[0m
[34m2025-12-02 07:16:22,811   | DEBUG    | Received 62:92:76:45:E2:86: .[0m
[34m2025-12-02 07:16:23,031   | DEBUG    | Received 5C:B3:FB:9E:91:26: .[0m
[34m2025-12-02 07:16:23,044   | DEBUG    | Received 66:E1:78:6B:89:FB: .[0m
[34m2025-12-02 07:16:23,048   | DEBUG    | Received 66:E1:78:6B:89:FB: .[0m
[34m2025-12-02 07:16:23,195   | DEBUG    | 11 devices found. Watcher status: <BluetoothLEAdvertisementWatcherStatus.STOPPED: 3>.[0m
[34m2025-12-02 07:16:23,196   | DEBUG    | 	Device: Unknown (5C:B3:FB:9E:91:26) | UUIDs: [][0m
[34m2025-12-02 07:16:23,196   | DEBUG    | 	Device: Unknown (A8:51:AB:8B:CB:46) | UUIDs: [][0m
[34m2025-12-02 07:16:23,196   | DEBUG    | 	Device: Unknown (57:1A:4C:AD:2D:1D) | UUIDs: [][0m
[34m2025-12-02 07:16:23,196   | DEBUG    | 	Device: Unknown (68:FC:CA:05:66:49) | UUIDs: [][0m
[34m2025-12-02 07:16:23,196   | DEBUG    | 	Device: Unknown (E0:22:05:A6:7E:29) | UUIDs: [][0m
[34m2025-12-02 07:16:23,196   | DEBUG    | 	Device: Unknown (48:16:21:B9:8E:F3) | UUIDs: [][0m
[34m2025-12-02 07:16:23,196   | DEBUG    | 	Device: Unknown (30:AF:7E:32:18:A7) | UUIDs: ['b42e90a2-ade7-11e4-89d3-123b93f75cba'][0m
[34m2025-12-02 07:16:23,196   | DEBUG    | 	Device: Unknown (7F:E3:4C:F7:D9:BC) | UUIDs: [][0m
[34m2025-12-02 07:16:23,196   | DEBUG    | 	Device: Unknown (D1:41:89:48:E0:9E) | UUIDs: [][0m
[34m2025-12-02 07:16:23,197   | DEBUG    | 	Device: Unknown (62:92:76:45:E2:86) | UUIDs: [][0m
[34m2025-12-02 07:16:23,197   | DEBUG    | 	Device: Unknown (66:E1:78:6B:89:FB) | UUIDs: [][0m
2025-12-02 07:16:23,197   | INFO     |   - Unknown @ 5C:B3:FB:9E:91:26, Services: [][0m
2025-12-02 07:16:23,197   | INFO     |   - Unknown @ A8:51:AB:8B:CB:46, Services: [][0m
2025-12-02 07:16:23,198   | INFO     |   - Unknown @ 57:1A:4C:AD:2D:1D, Services: [][0m
2025-12-02 07:16:23,199   | INFO     |   - Unknown @ 68:FC:CA:05:66:49, Services: [][0m
2025-12-02 07:16:23,199   | INFO     |   - Unknown @ E0:22:05:A6:7E:29, Services: [][0m
2025-12-02 07:16:23,200   | INFO     |   - Unknown @ 48:16:21:B9:8E:F3, Services: [][0m
2025-12-02 07:16:23,200   | INFO     |   - Unknown @ 30:AF:7E:32:18:A7, Services: ['b42e90a2-ade7-11e4-89d3-123b93f75cba'][0m
2025-12-02 07:16:23,200   | INFO     |   - Unknown @ 7F:E3:4C:F7:D9:BC, Services: [][0m
2025-12-02 07:16:23,201   | INFO     |   - Unknown @ D1:41:89:48:E0:9E, Services: [][0m
2025-12-02 07:16:23,201   | INFO     |   - Unknown @ 62:92:76:45:E2:86, Services: [][0m
2025-12-02 07:16:23,202   | INFO     |   - Unknown @ 66:E1:78:6B:89:FB, Services: [][0m
[31m2025-12-02 07:16:23,203   | ERROR    | BioCoin device named "Unknown" not found. Ensure it is powered on and in range.
Traceback (most recent call last):
  File "e:\Dropbox\Work in Progress\Research Projects\BioCoin\Design (on Repo)\software\src\main.py", line 55, in main
    await device.connect()
  File "e:\Dropbox\Work in Progress\Research Projects\BioCoin\Design (on Repo)\software\src\biocoin\device.py", line 79, in connect
    raise RuntimeError(f'BioCoin device named "{name}" not found. Ensure it is powered on and in range.')
RuntimeError: BioCoin device named "Unknown" not found. Ensure it is powered on and in range.[0m
