2025-12-02 07:01:37,073   | INFO     | BioCoin Test Script[0m
2025-12-02 07:01:37,079   | INFO     | Searching for the BioCoin device named "Biocoin"...[0m
2025-12-02 07:01:37,080   | INFO     | Scanning for devices...[0m
[34m2025-12-02 07:01:37,315   | DEBUG    | Received 30:AF:7E:32:18:A7: .[0m
[34m2025-12-02 07:01:37,326   | DEBUG    | Received 30:AF:7E:32:18:A7: .[0m
[34m2025-12-02 07:01:37,440   | DEBUG    | Received D9:39:B0:7B:9B:A2: .[0m
[34m2025-12-02 07:01:37,441   | DEBUG    | Received D9:39:B0:7B:9B:A2: .[0m
[34m2025-12-02 07:01:37,585   | DEBUG    | Received F6:12:0E:0A:89:5B: .[0m
[34m2025-12-02 07:01:37,903   | DEBUG    | Received 47:3E:34:AF:0A:0C: .[0m
[34m2025-12-02 07:01:38,024   | DEBUG    | Received 68:FC:CA:05:66:49: .[0m
[34m2025-12-02 07:01:38,030   | DEBUG    | Received 49:73:26:AD:DD:B1: .[0m
[34m2025-12-02 07:01:38,253   | DEBUG    | Received 60:84:75:B6:B8:47: .[0m
[34m2025-12-02 07:01:38,257   | DEBUG    | Received 60:84:75:B6:B8:47: .[0m
[34m2025-12-02 07:01:38,387   | DEBUG    | Received 49:73:26:AD:DD:B1: .[0m
[34m2025-12-02 07:01:38,521   | DEBUG    | Received 5C:B3:FB:9E:91:26: .[0m
[34m2025-12-02 07:01:38,525   | DEBUG    | Received 5C:B3:FB:9E:91:26: .[0m
[34m2025-12-02 07:01:39,114   | DEBUG    | Received 68:FC:CA:05:66:49: .[0m
[34m2025-12-02 07:01:39,311   | DEBUG    | Received 49:73:26:AD:DD:B1: .[0m
[34m2025-12-02 07:01:39,320   | DEBUG    | Received 66:E1:78:6B:89:FB: .[0m
[34m2025-12-02 07:01:39,681   | DEBUG    | Received 49:73:26:AD:DD:B1: .[0m
[34m2025-12-02 07:01:39,796   | DEBUG    | Received A8:51:AB:8B:CB:46: .[0m
[34m2025-12-02 07:01:40,049   | DEBUG    | Received 49:73:26:AD:DD:B1: .[0m
[34m2025-12-02 07:01:40,172   | DEBUG    | Received A8:51:AB:8B:CB:46: .[0m
[34m2025-12-02 07:01:40,173   | DEBUG    | Received A8:51:AB:8B:CB:46: .[0m
[34m2025-12-02 07:01:40,404   | DEBUG    | Received 47:3E:34:AF:0A:0C: .[0m
[34m2025-12-02 07:01:40,408   | DEBUG    | Received 47:3E:34:AF:0A:0C: .[0m
[34m2025-12-02 07:01:41,109   | DEBUG    | Received A8:51:AB:8B:CB:46: .[0m
[34m2025-12-02 07:01:41,111   | DEBUG    | Received A8:51:AB:8B:CB:46: .[0m
[34m2025-12-02 07:01:41,236   | DEBUG    | Received 66:E1:78:6B:89:FB: .[0m
[34m2025-12-02 07:01:41,238   | DEBUG    | Received 66:E1:78:6B:89:FB: .[0m
[34m2025-12-02 07:01:41,360   | DEBUG    | Received 49:73:26:AD:DD:B1: .[0m
[34m2025-12-02 07:01:41,476   | DEBUG    | Received 44:E7:0F:E2:34:C2: .[0m
[34m2025-12-02 07:01:41,477   | DEBUG    | Received 44:E7:0F:E2:34:C2: .[0m
[34m2025-12-02 07:01:42,086   | DEBUG    | Received A8:51:AB:8B:CB:46: .[0m
[34m2025-12-02 07:01:42,090   | DEBUG    | Received 5C:B3:FB:9E:91:26: .[0m
[34m2025-12-02 07:01:42,093   | DEBUG    | Received 5C:B3:FB:9E:91:26: .[0m
[34m2025-12-02 07:01:42,183   | DEBUG    | 11 devices found. Watcher status: <BluetoothLEAdvertisementWatcherStatus.STOPPED: 3>.[0m
[34m2025-12-02 07:01:42,184   | DEBUG    | 	Device: Unknown (30:AF:7E:32:18:A7) | UUIDs: ['b42e90a2-ade7-11e4-89d3-123b93f75cba'][0m
[34m2025-12-02 07:01:42,184   | DEBUG    | 	Device: Unknown (D9:39:B0:7B:9B:A2) | UUIDs: [][0m
[34m2025-12-02 07:01:42,185   | DEBUG    | 	Device: Unknown (F6:12:0E:0A:89:5B) | UUIDs: [][0m
[34m2025-12-02 07:01:42,185   | DEBUG    | 	Device: Unknown (47:3E:34:AF:0A:0C) | UUIDs: [][0m
[34m2025-12-02 07:01:42,185   | DEBUG    | 	Device: Unknown (68:FC:CA:05:66:49) | UUIDs: [][0m
[34m2025-12-02 07:01:42,185   | DEBUG    | 	Device: Unknown (49:73:26:AD:DD:B1) | UUIDs: [][0m
[34m2025-12-02 07:01:42,186   | DEBUG    | 	Device: Unknown (60:84:75:B6:B8:47) | UUIDs: [][0m
[34m2025-12-02 07:01:42,186   | DEBUG    | 	Device: Unknown (5C:B3:FB:9E:91:26) | UUIDs: [][0m
[34m2025-12-02 07:01:42,186   | DEBUG    | 	Device: Unknown (66:E1:78:6B:89:FB) | UUIDs: [][0m
[34m2025-12-02 07:01:42,187   | DEBUG    | 	Device: Unknown (A8:51:AB:8B:CB:46) | UUIDs: [][0m
[34m2025-12-02 07:01:42,187   | DEBUG    | 	Device: Unknown (44:E7:0F:E2:34:C2) | UUIDs: [][0m
[31m2025-12-02 07:01:42,188   | ERROR    | BioCoin device named "Biocoin" not found. Listing available BLE devices:
[0m
2025-12-02 07:01:42,189   | INFO     | Scanning for devices...[0m
[34m2025-12-02 07:01:42,369   | DEBUG    | Received 30:AF:7E:32:18:A7: .[0m
[34m2025-12-02 07:01:42,372   | DEBUG    | Received 30:AF:7E:32:18:A7: .[0m
[34m2025-12-02 07:01:42,602   | DEBUG    | Received 47:3E:34:AF:0A:0C: .[0m
[34m2025-12-02 07:01:42,605   | DEBUG    | Received 47:3E:34:AF:0A:0C: .[0m
[34m2025-12-02 07:01:42,610   | DEBUG    | Received A8:51:AB:8B:CB:46: .[0m
[34m2025-12-02 07:01:42,613   | DEBUG    | Received A8:51:AB:8B:CB:46: .[0m
[34m2025-12-02 07:01:42,822   | DEBUG    | Received 68:FC:CA:05:66:49: .[0m
[34m2025-12-02 07:01:42,949   | DEBUG    | Received 60:84:75:B6:B8:47: .[0m
[34m2025-12-02 07:01:42,950   | DEBUG    | Received 60:84:75:B6:B8:47: .[0m
[34m2025-12-02 07:01:43,177   | DEBUG    | Received 28:AF:42:22:8D:3B: .[0m
[34m2025-12-02 07:01:43,182   | DEBUG    | Received 5C:B3:FB:9E:91:26: .[0m
[34m2025-12-02 07:01:43,183   | DEBUG    | Received 5C:B3:FB:9E:91:26: .[0m
[34m2025-12-02 07:01:43,422   | DEBUG    | Received 47:3E:34:AF:0A:0C: .[0m
[34m2025-12-02 07:01:43,423   | DEBUG    | Received 47:3E:34:AF:0A:0C: .[0m
[34m2025-12-02 07:01:43,543   | DEBUG    | Received A8:51:AB:8B:CB:46: .[0m
[34m2025-12-02 07:01:43,545   | DEBUG    | Received A8:51:AB:8B:CB:46: .[0m
[34m2025-12-02 07:01:43,784   | DEBUG    | Received 49:73:26:AD:DD:B1: .[0m
[34m2025-12-02 07:01:43,910   | DEBUG    | Received 68:FC:CA:05:66:49: .[0m
[34m2025-12-02 07:01:44,270   | DEBUG    | Received 66:E1:78:6B:89:FB: .[0m
[34m2025-12-02 07:01:44,271   | DEBUG    | Received 66:E1:78:6B:89:FB: .[0m
[34m2025-12-02 07:01:44,373   | DEBUG    | Received 68:FC:CA:05:66:49: .[0m
[34m2025-12-02 07:01:44,843   | DEBUG    | Received 5C:B3:FB:9E:91:26: .[0m
[34m2025-12-02 07:01:44,848   | DEBUG    | Received 5C:B3:FB:9E:91:26: .[0m
[34m2025-12-02 07:01:44,853   | DEBUG    | Received A8:51:AB:8B:CB:46: .[0m
[34m2025-12-02 07:01:44,856   | DEBUG    | Received A8:51:AB:8B:CB:46: .[0m
[34m2025-12-02 07:01:45,283   | DEBUG    | Received 49:73:26:AD:DD:B1: .[0m
[34m2025-12-02 07:01:45,338   | DEBUG    | Received 47:3E:34:AF:0A:0C: .[0m
[34m2025-12-02 07:01:45,339   | DEBUG    | Received 47:3E:34:AF:0A:0C: .[0m
[34m2025-12-02 07:01:45,800   | DEBUG    | Received 47:3E:34:AF:0A:0C: .[0m
[34m2025-12-02 07:01:45,802   | DEBUG    | Received 47:3E:34:AF:0A:0C: .[0m
[34m2025-12-02 07:01:45,926   | DEBUG    | Received 66:E1:78:6B:89:FB: .[0m
[34m2025-12-02 07:01:45,930   | DEBUG    | Received 66:E1:78:6B:89:FB: .[0m
[34m2025-12-02 07:01:46,392   | DEBUG    | Received 44:E7:0F:E2:34:C2: .[0m
[34m2025-12-02 07:01:46,394   | DEBUG    | Received 68:FC:CA:05:66:49: .[0m
[34m2025-12-02 07:01:46,402   | DEBUG    | Received 49:73:26:AD:DD:B1: .[0m
[34m2025-12-02 07:01:46,526   | DEBUG    | Received A8:51:AB:8B:CB:46: .[0m
[34m2025-12-02 07:01:46,526   | DEBUG    | Received A8:51:AB:8B:CB:46: .[0m
[34m2025-12-02 07:01:46,749   | DEBUG    | Received 66:E1:78:6B:89:FB: .[0m
[34m2025-12-02 07:01:46,750   | DEBUG    | Received 66:E1:78:6B:89:FB: .[0m
[34m2025-12-02 07:01:46,863   | DEBUG    | Received 68:FC:CA:05:66:49: .[0m
[34m2025-12-02 07:01:47,215   | DEBUG    | 10 devices found. Watcher status: <BluetoothLEAdvertisementWatcherStatus.STOPPED: 3>.[0m
[34m2025-12-02 07:01:47,215   | DEBUG    | 	Device: Unknown (30:AF:7E:32:18:A7) | UUIDs: ['b42e90a2-ade7-11e4-89d3-123b93f75cba'][0m
[34m2025-12-02 07:01:47,215   | DEBUG    | 	Device: Unknown (47:3E:34:AF:0A:0C) | UUIDs: [][0m
[34m2025-12-02 07:01:47,215   | DEBUG    | 	Device: Unknown (A8:51:AB:8B:CB:46) | UUIDs: [][0m
[34m2025-12-02 07:01:47,215   | DEBUG    | 	Device: Unknown (68:FC:CA:05:66:49) | UUIDs: [][0m
[34m2025-12-02 07:01:47,215   | DEBUG    | 	Device: Unknown (60:84:75:B6:B8:47) | UUIDs: [][0m
[34m2025-12-02 07:01:47,216   | DEBUG    | 	Device: Unknown (28:AF:42:22:8D:3B) | UUIDs: [][0m
[34m2025-12-02 07:01:47,216   | DEBUG    | 	Device: Unknown (5C:B3:FB:9E:91:26) | UUIDs: [][0m
[34m2025-12-02 07:01:47,216   | DEBUG    | 	Device: Unknown (49:73:26:AD:DD:B1) | UUIDs: [][0m
[34m2025-12-02 07:01:47,216   | DEBUG    | 	Device: Unknown (66:E1:78:6B:89:FB) | UUIDs: [][0m
[34m2025-12-02 07:01:47,216   | DEBUG    | 	Device: Unknown (44:E7:0F:E2:34:C2) | UUIDs: [][0m
2025-12-02 07:01:47,216   | INFO     |   - Unknown @ 30:AF:7E:32:18:A7, Services: ['b42e90a2-ade7-11e4-89d3-123b93f75cba'][0m
2025-12-02 07:01:47,216   | INFO     |   - Unknown @ 47:3E:34:AF:0A:0C, Services: [][0m
2025-12-02 07:01:47,216   | INFO     |   - Unknown @ A8:51:AB:8B:CB:46, Services: [][0m
2025-12-02 07:01:47,217   | INFO     |   - Unknown @ 68:FC:CA:05:66:49, Services: [][0m
2025-12-02 07:01:47,217   | INFO     |   - Unknown @ 60:84:75:B6:B8:47, Services: [][0m
2025-12-02 07:01:47,217   | INFO     |   - Unknown @ 28:AF:42:22:8D:3B, Services: [][0m
2025-12-02 07:01:47,217   | INFO     |   - Unknown @ 5C:B3:FB:9E:91:26, Services: [][0m
2025-12-02 07:01:47,218   | INFO     |   - Unknown @ 49:73:26:AD:DD:B1, Services: [][0m
2025-12-02 07:01:47,218   | INFO     |   - Unknown @ 66:E1:78:6B:89:FB, Services: [][0m
2025-12-02 07:01:47,218   | INFO     |   - Unknown @ 44:E7:0F:E2:34:C2, Services: [][0m
[31m2025-12-02 07:01:47,219   | ERROR    | BioCoin device named "Unknown" not found. Ensure it is powered on and in range.
Traceback (most recent call last):
  File "e:\Dropbox\Work in Progress\Research Projects\BioCoin\Design (on Repo)\software\src\main.py", line 55, in main
    await device.connect()
  File "e:\Dropbox\Work in Progress\Research Projects\BioCoin\Design (on Repo)\software\src\biocoin\device.py", line 79, in connect
    raise RuntimeError(f'BioCoin device named "{name}" not found. Ensure it is powered on and in range.')
RuntimeError: BioCoin device named "Unknown" not found. Ensure it is powered on and in range.[0m
