2025-12-02 07:03:00,333   | INFO     | BioCoin Test Script[0m
2025-12-02 07:03:00,336   | INFO     | Searching for the BioCoin device named "Biocoin"...[0m
2025-12-02 07:03:00,337   | INFO     | Scanning for devices...[0m
[34m2025-12-02 07:03:00,627   | DEBUG    | Received 5C:B3:FB:9E:91:26: .[0m
[34m2025-12-02 07:03:00,644   | DEBUG    | Received 5C:B3:FB:9E:91:26: .[0m
[34m2025-12-02 07:03:00,965   | DEBUG    | Received A8:51:AB:8B:CB:46: .[0m
[34m2025-12-02 07:03:00,970   | DEBUG    | Received A8:51:AB:8B:CB:46: .[0m
[34m2025-12-02 07:03:01,330   | DEBUG    | Received 60:84:75:B6:B8:47: .[0m
[34m2025-12-02 07:03:01,334   | DEBUG    | Received D1:41:89:48:E0:9E: .[0m
[34m2025-12-02 07:03:01,341   | DEBUG    | Received A8:51:AB:8B:CB:46: .[0m
[34m2025-12-02 07:03:01,345   | DEBUG    | Received A8:51:AB:8B:CB:46: .[0m
[34m2025-12-02 07:03:01,454   | DEBUG    | Received 68:FC:CA:05:66:49: .[0m
[34m2025-12-02 07:03:01,813   | DEBUG    | Received 49:73:26:AD:DD:B1: .[0m
[34m2025-12-02 07:03:01,920   | DEBUG    | Received 68:FC:CA:05:66:49: .[0m
[34m2025-12-02 07:03:02,076   | DEBUG    | Received A8:51:AB:8B:CB:46: .[0m
[34m2025-12-02 07:03:02,077   | DEBUG    | Received A8:51:AB:8B:CB:46: .[0m
[34m2025-12-02 07:03:02,078   | DEBUG    | Received 68:FC:CA:05:66:49: .[0m
[34m2025-12-02 07:03:02,183   | DEBUG    | Received 30:AF:7E:32:18:A7: .[0m
[34m2025-12-02 07:03:02,189   | DEBUG    | Received 30:AF:7E:32:18:A7: .[0m
[34m2025-12-02 07:03:03,006   | DEBUG    | Received 68:FC:CA:05:66:49: .[0m
[34m2025-12-02 07:03:03,584   | DEBUG    | Received A8:51:AB:8B:CB:46: .[0m
[34m2025-12-02 07:03:03,587   | DEBUG    | Received A8:51:AB:8B:CB:46: .[0m
[34m2025-12-02 07:03:03,706   | DEBUG    | Received 44:E7:0F:E2:34:C2: .[0m
[34m2025-12-02 07:03:03,709   | DEBUG    | Received 44:E7:0F:E2:34:C2: .[0m
[34m2025-12-02 07:03:04,066   | DEBUG    | Received E4:A8:86:8A:32:A6: .[0m
[34m2025-12-02 07:03:04,307   | DEBUG    | Received 66:E1:78:6B:89:FB: .[0m
[34m2025-12-02 07:03:04,310   | DEBUG    | Received 66:E1:78:6B:89:FB: .[0m
[34m2025-12-02 07:03:04,536   | DEBUG    | Received 68:FC:CA:05:66:49: .[0m
[34m2025-12-02 07:03:04,892   | DEBUG    | Received A8:51:AB:8B:CB:46: .[0m
[34m2025-12-02 07:03:04,894   | DEBUG    | Received A8:51:AB:8B:CB:46: .[0m
[34m2025-12-02 07:03:05,019   | DEBUG    | Received 5C:B3:FB:9E:91:26: .[0m
[34m2025-12-02 07:03:05,021   | DEBUG    | Received 5C:B3:FB:9E:91:26: .[0m
[34m2025-12-02 07:03:05,128   | DEBUG    | Received 66:E1:78:6B:89:FB: .[0m
[34m2025-12-02 07:03:05,134   | DEBUG    | Received 66:E1:78:6B:89:FB: .[0m
[34m2025-12-02 07:03:05,430   | DEBUG    | 10 devices found. Watcher status: <BluetoothLEAdvertisementWatcherStatus.STOPPED: 3>.[0m
[34m2025-12-02 07:03:05,431   | DEBUG    | 	Device: Unknown (5C:B3:FB:9E:91:26) | UUIDs: [][0m
[34m2025-12-02 07:03:05,431   | DEBUG    | 	Device: Unknown (A8:51:AB:8B:CB:46) | UUIDs: [][0m
[34m2025-12-02 07:03:05,432   | DEBUG    | 	Device: Unknown (60:84:75:B6:B8:47) | UUIDs: [][0m
[34m2025-12-02 07:03:05,432   | DEBUG    | 	Device: Unknown (D1:41:89:48:E0:9E) | UUIDs: [][0m
[34m2025-12-02 07:03:05,432   | DEBUG    | 	Device: Unknown (68:FC:CA:05:66:49) | UUIDs: [][0m
[34m2025-12-02 07:03:05,432   | DEBUG    | 	Device: Unknown (49:73:26:AD:DD:B1) | UUIDs: [][0m
[34m2025-12-02 07:03:05,432   | DEBUG    | 	Device: Unknown (30:AF:7E:32:18:A7) | UUIDs: ['b42e90a2-ade7-11e4-89d3-123b93f75cba'][0m
[34m2025-12-02 07:03:05,432   | DEBUG    | 	Device: Unknown (44:E7:0F:E2:34:C2) | UUIDs: [][0m
[34m2025-12-02 07:03:05,432   | DEBUG    | 	Device: Unknown (E4:A8:86:8A:32:A6) | UUIDs: [][0m
[34m2025-12-02 07:03:05,432   | DEBUG    | 	Device: Unknown (66:E1:78:6B:89:FB) | UUIDs: [][0m
[31m2025-12-02 07:03:05,432   | ERROR    | BioCoin device named "Biocoin" not found. Listing available BLE devices:
[0m
2025-12-02 07:03:05,433   | INFO     | Scanning for devices...[0m
[34m2025-12-02 07:03:05,721   | DEBUG    | Received 30:AF:7E:32:18:A7: .[0m
[34m2025-12-02 07:03:05,724   | DEBUG    | Received 30:AF:7E:32:18:A7: .[0m
[34m2025-12-02 07:03:05,831   | DEBUG    | Received A8:51:AB:8B:CB:46: .[0m
[34m2025-12-02 07:03:05,957   | DEBUG    | Received 66:E1:78:6B:89:FB: .[0m
[34m2025-12-02 07:03:05,958   | DEBUG    | Received 66:E1:78:6B:89:FB: .[0m
[34m2025-12-02 07:03:06,077   | DEBUG    | Received E4:A8:86:8A:32:A6: .[0m
[34m2025-12-02 07:03:06,202   | DEBUG    | Received 44:E7:0F:E2:34:C2: .[0m
[34m2025-12-02 07:03:06,205   | DEBUG    | Received 44:E7:0F:E2:34:C2: .[0m
[34m2025-12-02 07:03:06,675   | DEBUG    | Received 5C:B3:FB:9E:91:26: .[0m
[34m2025-12-02 07:03:06,676   | DEBUG    | Received 5C:B3:FB:9E:91:26: .[0m
[34m2025-12-02 07:03:06,794   | DEBUG    | Received 66:E1:78:6B:89:FB: .[0m
[34m2025-12-02 07:03:07,033   | DEBUG    | Received 49:73:26:AD:DD:B1: .[0m
[34m2025-12-02 07:03:07,493   | DEBUG    | Received 5C:B3:FB:9E:91:26: .[0m
[34m2025-12-02 07:03:07,494   | DEBUG    | Received 5C:B3:FB:9E:91:26: .[0m
[34m2025-12-02 07:03:07,627   | DEBUG    | Received 66:E1:78:6B:89:FB: .[0m
[34m2025-12-02 07:03:07,629   | DEBUG    | Received 66:E1:78:6B:89:FB: .[0m
[34m2025-12-02 07:03:08,334   | DEBUG    | Received 49:73:26:AD:DD:B1: .[0m
[34m2025-12-02 07:03:08,341   | DEBUG    | Received 47:3E:34:AF:0A:0C: .[0m
[34m2025-12-02 07:03:08,345   | DEBUG    | Received 47:3E:34:AF:0A:0C: .[0m
[34m2025-12-02 07:03:08,810   | DEBUG    | Received A8:51:AB:8B:CB:46: .[0m
[34m2025-12-02 07:03:08,812   | DEBUG    | Received A8:51:AB:8B:CB:46: .[0m
[34m2025-12-02 07:03:09,413   | DEBUG    | Received 66:E1:78:6B:89:FB: .[0m
[34m2025-12-02 07:03:09,417   | DEBUG    | Received 4F:BD:61:9C:DD:EF: .[0m
[34m2025-12-02 07:03:09,418   | DEBUG    | Received 4F:BD:61:9C:DD:EF: .[0m
[34m2025-12-02 07:03:09,420   | DEBUG    | Received 5C:B3:FB:9E:91:26: .[0m
[34m2025-12-02 07:03:09,422   | DEBUG    | Received 5C:B3:FB:9E:91:26: .[0m
[34m2025-12-02 07:03:09,514   | DEBUG    | Received 68:FC:CA:05:66:49: .[0m
[34m2025-12-02 07:03:09,651   | DEBUG    | Received 49:73:26:AD:DD:B1: .[0m
[34m2025-12-02 07:03:09,655   | DEBUG    | Received D9:39:B0:7B:9B:A2: .[0m
[34m2025-12-02 07:03:09,658   | DEBUG    | Received D9:39:B0:7B:9B:A2: .[0m
[34m2025-12-02 07:03:09,757   | DEBUG    | Received 44:E7:0F:E2:34:C2: .[0m
[34m2025-12-02 07:03:09,758   | DEBUG    | Received 44:E7:0F:E2:34:C2: .[0m
[34m2025-12-02 07:03:09,761   | DEBUG    | Received 30:AF:7E:32:18:A7: .[0m
[34m2025-12-02 07:03:09,763   | DEBUG    | Received 30:AF:7E:32:18:A7: .[0m
[34m2025-12-02 07:03:10,218   | DEBUG    | Received 49:73:26:AD:DD:B1: .[0m
[34m2025-12-02 07:03:10,466   | DEBUG    | Received FC:44:AD:2C:74:11: .[0m
[34m2025-12-02 07:03:10,469   | DEBUG    | 12 devices found. Watcher status: <BluetoothLEAdvertisementWatcherStatus.STOPPED: 3>.[0m
[34m2025-12-02 07:03:10,469   | DEBUG    | 	Device: Unknown (30:AF:7E:32:18:A7) | UUIDs: ['b42e90a2-ade7-11e4-89d3-123b93f75cba'][0m
[34m2025-12-02 07:03:10,470   | DEBUG    | 	Device: Unknown (A8:51:AB:8B:CB:46) | UUIDs: [][0m
[34m2025-12-02 07:03:10,470   | DEBUG    | 	Device: Unknown (66:E1:78:6B:89:FB) | UUIDs: [][0m
[34m2025-12-02 07:03:10,470   | DEBUG    | 	Device: Unknown (E4:A8:86:8A:32:A6) | UUIDs: [][0m
[34m2025-12-02 07:03:10,470   | DEBUG    | 	Device: Unknown (44:E7:0F:E2:34:C2) | UUIDs: [][0m
[34m2025-12-02 07:03:10,470   | DEBUG    | 	Device: Unknown (5C:B3:FB:9E:91:26) | UUIDs: [][0m
[34m2025-12-02 07:03:10,470   | DEBUG    | 	Device: Unknown (49:73:26:AD:DD:B1) | UUIDs: [][0m
[34m2025-12-02 07:03:10,470   | DEBUG    | 	Device: Unknown (47:3E:34:AF:0A:0C) | UUIDs: [][0m
[34m2025-12-02 07:03:10,470   | DEBUG    | 	Device: Unknown (4F:BD:61:9C:DD:EF) | UUIDs: [][0m
[34m2025-12-02 07:03:10,471   | DEBUG    | 	Device: Unknown (68:FC:CA:05:66:49) | UUIDs: [][0m
[34m2025-12-02 07:03:10,471   | DEBUG    | 	Device: Unknown (D9:39:B0:7B:9B:A2) | UUIDs: [][0m
[34m2025-12-02 07:03:10,471   | DEBUG    | 	Device: Unknown (FC:44:AD:2C:74:11) | UUIDs: [][0m
2025-12-02 07:03:10,471   | INFO     |   - Unknown @ 30:AF:7E:32:18:A7, Services: ['b42e90a2-ade7-11e4-89d3-123b93f75cba'][0m
2025-12-02 07:03:10,472   | INFO     |   - Unknown @ A8:51:AB:8B:CB:46, Services: [][0m
2025-12-02 07:03:10,473   | INFO     |   - Unknown @ 66:E1:78:6B:89:FB, Services: [][0m
2025-12-02 07:03:10,473   | INFO     |   - Unknown @ E4:A8:86:8A:32:A6, Services: [][0m
2025-12-02 07:03:10,474   | INFO     |   - Unknown @ 44:E7:0F:E2:34:C2, Services: [][0m
2025-12-02 07:03:10,474   | INFO     |   - Unknown @ 5C:B3:FB:9E:91:26, Services: [][0m
2025-12-02 07:03:10,475   | INFO     |   - Unknown @ 49:73:26:AD:DD:B1, Services: [][0m
2025-12-02 07:03:10,476   | INFO     |   - Unknown @ 47:3E:34:AF:0A:0C, Services: [][0m
2025-12-02 07:03:10,476   | INFO     |   - Unknown @ 4F:BD:61:9C:DD:EF, Services: [][0m
2025-12-02 07:03:10,476   | INFO     |   - Unknown @ 68:FC:CA:05:66:49, Services: [][0m
2025-12-02 07:03:10,477   | INFO     |   - Unknown @ D9:39:B0:7B:9B:A2, Services: [][0m
2025-12-02 07:03:10,477   | INFO     |   - Unknown @ FC:44:AD:2C:74:11, Services: [][0m
[31m2025-12-02 07:03:10,478   | ERROR    | BioCoin device named "Unknown" not found. Ensure it is powered on and in range.
Traceback (most recent call last):
  File "e:\Dropbox\Work in Progress\Research Projects\BioCoin\Design (on Repo)\software\src\main.py", line 55, in main
    await device.connect()
  File "e:\Dropbox\Work in Progress\Research Projects\BioCoin\Design (on Repo)\software\src\biocoin\device.py", line 79, in connect
    raise RuntimeError(f'BioCoin device named "{name}" not found. Ensure it is powered on and in range.')
RuntimeError: BioCoin device named "Unknown" not found. Ensure it is powered on and in range.[0m
