2025-12-01 20:37:08,082   | INFO     | BioCoin Test Script[0m
2025-12-01 20:37:08,083   | INFO     | Searching for the BioCoin device named "Biocoin"...[0m
2025-12-01 20:37:08,083   | INFO     | Scanning for devices...[0m
[34m2025-12-01 20:37:08,711   | DEBUG    | Received 58:22:2D:7D:93:B8: .[0m
[34m2025-12-01 20:37:08,729   | DEBUG    | Received 58:22:2D:7D:93:B8: .[0m
[34m2025-12-01 20:37:09,432   | DEBUG    | Received A8:51:AB:8B:CB:46: .[0m
[34m2025-12-01 20:37:09,435   | DEBUG    | Received A8:51:AB:8B:CB:46: .[0m
[34m2025-12-01 20:37:09,781   | DEBUG    | Received 68:FC:CA:05:66:49: .[0m
[34m2025-12-01 20:37:10,239   | DEBUG    | Received 68:FC:CA:05:66:49: .[0m
[34m2025-12-01 20:37:10,364   | DEBUG    | Received A8:51:AB:8B:CB:46: .[0m
[34m2025-12-01 20:37:10,366   | DEBUG    | Received A8:51:AB:8B:CB:46: .[0m
[34m2025-12-01 20:37:10,497   | DEBUG    | Received 7A:CE:44:66:F7:49: .[0m
[34m2025-12-01 20:37:10,502   | DEBUG    | Received 7A:CE:44:66:F7:49: .[0m
[34m2025-12-01 20:37:10,741   | DEBUG    | Received A8:51:AB:8B:CB:46: .[0m
[34m2025-12-01 20:37:10,745   | DEBUG    | Received A8:51:AB:8B:CB:46: .[0m
[34m2025-12-01 20:37:10,752   | DEBUG    | Received 66:90:E7:F9:F6:95: .[0m
[34m2025-12-01 20:37:10,757   | DEBUG    | Received 66:90:E7:F9:F6:95: .[0m
[34m2025-12-01 20:37:10,852   | DEBUG    | Received 68:FC:CA:05:66:49: .[0m
[34m2025-12-01 20:37:10,961   | DEBUG    | Received 28:AF:42:22:8D:3B: .[0m
[34m2025-12-01 20:37:11,328   | DEBUG    | Received 7A:CE:44:66:F7:49: .[0m
[34m2025-12-01 20:37:11,332   | DEBUG    | Received 7A:CE:44:66:F7:49: .[0m
[34m2025-12-01 20:37:11,849   | DEBUG    | Received 66:90:E7:F9:F6:95: .[0m
[34m2025-12-01 20:37:11,852   | DEBUG    | Received 66:90:E7:F9:F6:95: .[0m
[34m2025-12-01 20:37:12,284   | DEBUG    | Received F2:17:3F:10:33:B9: .[0m
[34m2025-12-01 20:37:12,405   | DEBUG    | Received 66:90:E7:F9:F6:95: .[0m
[34m2025-12-01 20:37:12,411   | DEBUG    | Received 66:90:E7:F9:F6:95: .[0m
[34m2025-12-01 20:37:12,416   | DEBUG    | Received 68:FC:CA:05:66:49: .[0m
[34m2025-12-01 20:37:12,738   | DEBUG    | Received 57:06:F5:C1:2B:BE: .[0m
[34m2025-12-01 20:37:12,870   | DEBUG    | Received 68:FC:CA:05:66:49: .[0m
[34m2025-12-01 20:37:13,176   | DEBUG    | 8 devices found. Watcher status: <BluetoothLEAdvertisementWatcherStatus.STOPPED: 3>.[0m
[34m2025-12-01 20:37:13,177   | DEBUG    | 	Device: Unknown (58:22:2D:7D:93:B8) | UUIDs: [][0m
[34m2025-12-01 20:37:13,178   | DEBUG    | 	Device: Unknown (A8:51:AB:8B:CB:46) | UUIDs: [][0m
[34m2025-12-01 20:37:13,178   | DEBUG    | 	Device: Unknown (68:FC:CA:05:66:49) | UUIDs: [][0m
[34m2025-12-01 20:37:13,178   | DEBUG    | 	Device: Unknown (7A:CE:44:66:F7:49) | UUIDs: [][0m
[34m2025-12-01 20:37:13,178   | DEBUG    | 	Device: Unknown (66:90:E7:F9:F6:95) | UUIDs: [][0m
[34m2025-12-01 20:37:13,178   | DEBUG    | 	Device: Unknown (28:AF:42:22:8D:3B) | UUIDs: [][0m
[34m2025-12-01 20:37:13,179   | DEBUG    | 	Device: Unknown (F2:17:3F:10:33:B9) | UUIDs: [][0m
[34m2025-12-01 20:37:13,179   | DEBUG    | 	Device: Unknown (57:06:F5:C1:2B:BE) | UUIDs: [][0m
[31m2025-12-01 20:37:13,179   | ERROR    | BioCoin device named "Biocoin" not found. Listing available BLE devices:
[0m
2025-12-01 20:37:13,180   | INFO     | Scanning for devices...[0m
[34m2025-12-01 20:37:13,232   | DEBUG    | Received 66:90:E7:F9:F6:95: .[0m
[34m2025-12-01 20:37:13,236   | DEBUG    | Received 66:90:E7:F9:F6:95: .[0m
[34m2025-12-01 20:37:13,487   | DEBUG    | Received 40:A7:A2:AD:11:8D: .[0m
[34m2025-12-01 20:37:13,493   | DEBUG    | Received 57:06:F5:C1:2B:BE: .[0m
[34m2025-12-01 20:37:13,496   | DEBUG    | Received 68:FC:CA:05:66:49: .[0m
[34m2025-12-01 20:37:13,961   | DEBUG    | Received 68:FC:CA:05:66:49: .[0m
[34m2025-12-01 20:37:14,076   | DEBUG    | Received 7A:CE:44:66:F7:49: .[0m
[34m2025-12-01 20:37:14,079   | DEBUG    | Received 7A:CE:44:66:F7:49: .[0m
[34m2025-12-01 20:37:14,422   | DEBUG    | Received 68:FC:CA:05:66:49: .[0m
[34m2025-12-01 20:37:14,911   | DEBUG    | Received 40:A7:A2:AD:11:8D: .[0m
[34m2025-12-01 20:37:14,919   | DEBUG    | Received 7A:CE:44:66:F7:49: .[0m
[34m2025-12-01 20:37:15,040   | DEBUG    | Received 68:FC:CA:05:66:49: .[0m
[34m2025-12-01 20:37:15,736   | DEBUG    | Received 57:06:F5:C1:2B:BE: .[0m
[34m2025-12-01 20:37:15,744   | DEBUG    | Received 7A:CE:44:66:F7:49: .[0m
[34m2025-12-01 20:37:15,747   | DEBUG    | Received 7A:CE:44:66:F7:49: .[0m
[34m2025-12-01 20:37:15,869   | DEBUG    | Received 58:22:2D:7D:93:B8: .[0m
[34m2025-12-01 20:37:15,870   | DEBUG    | Received 58:22:2D:7D:93:B8: .[0m
[34m2025-12-01 20:37:15,982   | DEBUG    | Received 68:FC:CA:05:66:49: .[0m
[34m2025-12-01 20:37:16,094   | DEBUG    | Received 40:A7:A2:AD:11:8D: .[0m
[34m2025-12-01 20:37:16,096   | DEBUG    | Received 40:A7:A2:AD:11:8D: .[0m
[34m2025-12-01 20:37:16,106   | DEBUG    | Received 57:06:F5:C1:2B:BE: .[0m
[34m2025-12-01 20:37:16,343   | DEBUG    | Received FB:E6:83:3D:5D:84: .[0m
[34m2025-12-01 20:37:16,345   | DEBUG    | Received FB:E6:83:3D:5D:84: .[0m
[34m2025-12-01 20:37:16,702   | DEBUG    | Received 28:AF:42:22:8D:3B: .[0m
[34m2025-12-01 20:37:16,813   | DEBUG    | Received 66:90:E7:F9:F6:95: .[0m
[34m2025-12-01 20:37:16,817   | DEBUG    | Received 66:90:E7:F9:F6:95: .[0m
[34m2025-12-01 20:37:17,044   | DEBUG    | Received 57:06:F5:C1:2B:BE: .[0m
[34m2025-12-01 20:37:17,154   | DEBUG    | Received 30:AF:7E:32:18:A7: .[0m
[34m2025-12-01 20:37:17,157   | DEBUG    | Received 30:AF:7E:32:18:A7: .[0m
[34m2025-12-01 20:37:17,385   | DEBUG    | Received 7A:CE:44:66:F7:49: .[0m
[34m2025-12-01 20:37:17,387   | DEBUG    | Received 7A:CE:44:66:F7:49: .[0m
[34m2025-12-01 20:37:17,524   | DEBUG    | Received 68:FC:CA:05:66:49: .[0m
[34m2025-12-01 20:37:17,982   | DEBUG    | Received 68:FC:CA:05:66:49: .[0m
[34m2025-12-01 20:37:18,112   | DEBUG    | Received EE:22:D5:B7:3F:11: .[0m
[34m2025-12-01 20:37:18,227   | DEBUG    | 10 devices found. Watcher status: <BluetoothLEAdvertisementWatcherStatus.STOPPED: 3>.[0m
[34m2025-12-01 20:37:18,228   | DEBUG    | 	Device: Unknown (66:90:E7:F9:F6:95) | UUIDs: [][0m
[34m2025-12-01 20:37:18,228   | DEBUG    | 	Device: Unknown (40:A7:A2:AD:11:8D) | UUIDs: [][0m
[34m2025-12-01 20:37:18,228   | DEBUG    | 	Device: Unknown (57:06:F5:C1:2B:BE) | UUIDs: [][0m
[34m2025-12-01 20:37:18,228   | DEBUG    | 	Device: Unknown (68:FC:CA:05:66:49) | UUIDs: [][0m
[34m2025-12-01 20:37:18,229   | DEBUG    | 	Device: Unknown (7A:CE:44:66:F7:49) | UUIDs: [][0m
[34m2025-12-01 20:37:18,229   | DEBUG    | 	Device: Unknown (58:22:2D:7D:93:B8) | UUIDs: [][0m
[34m2025-12-01 20:37:18,229   | DEBUG    | 	Device: Unknown (FB:E6:83:3D:5D:84) | UUIDs: [][0m
[34m2025-12-01 20:37:18,229   | DEBUG    | 	Device: Unknown (28:AF:42:22:8D:3B) | UUIDs: [][0m
[34m2025-12-01 20:37:18,229   | DEBUG    | 	Device: Unknown (30:AF:7E:32:18:A7) | UUIDs: ['b42e90a2-ade7-11e4-89d3-123b93f75cba'][0m
[34m2025-12-01 20:37:18,229   | DEBUG    | 	Device: Unknown (EE:22:D5:B7:3F:11) | UUIDs: [][0m
2025-12-01 20:37:18,229   | INFO     |   - Unknown @ 66:90:E7:F9:F6:95, Services: [][0m
2025-12-01 20:37:18,230   | INFO     |   - Unknown @ 40:A7:A2:AD:11:8D, Services: [][0m
2025-12-01 20:37:18,231   | INFO     |   - Unknown @ 57:06:F5:C1:2B:BE, Services: [][0m
2025-12-01 20:37:18,232   | INFO     |   - Unknown @ 68:FC:CA:05:66:49, Services: [][0m
2025-12-01 20:37:18,232   | INFO     |   - Unknown @ 7A:CE:44:66:F7:49, Services: [][0m
2025-12-01 20:37:18,233   | INFO     |   - Unknown @ 58:22:2D:7D:93:B8, Services: [][0m
2025-12-01 20:37:18,234   | INFO     |   - Unknown @ FB:E6:83:3D:5D:84, Services: [][0m
2025-12-01 20:37:18,234   | INFO     |   - Unknown @ 28:AF:42:22:8D:3B, Services: [][0m
2025-12-01 20:37:18,235   | INFO     |   - Unknown @ 30:AF:7E:32:18:A7, Services: ['b42e90a2-ade7-11e4-89d3-123b93f75cba'][0m
2025-12-01 20:37:18,236   | INFO     |   - Unknown @ EE:22:D5:B7:3F:11, Services: [][0m
[31m2025-12-01 20:37:18,239   | ERROR    | BioCoin device named "Unknown" not found. Ensure it is powered on and in range.
Traceback (most recent call last):
  File "e:\Dropbox\Work in Progress\Research Projects\BioCoin\Design (on Repo)\software\src\main.py", line 54, in main
    await device.connect()
  File "e:\Dropbox\Work in Progress\Research Projects\BioCoin\Design (on Repo)\software\src\biocoin\device.py", line 79, in connect
    raise RuntimeError(f'BioCoin device named "{name}" not found. Ensure it is powered on and in range.')
RuntimeError: BioCoin device named "Unknown" not found. Ensure it is powered on and in range.[0m
