2025-12-01 20:43:38,374   | INFO     | BioCoin Test Script[0m
2025-12-01 20:43:38,375   | INFO     | Searching for the BioCoin device named "Biocoin"...[0m
2025-12-01 20:43:38,376   | INFO     | Scanning for devices...[0m
[34m2025-12-01 20:43:38,638   | DEBUG    | Received 68:FC:CA:05:66:49: .[0m
[34m2025-12-01 20:43:38,668   | DEBUG    | Received A8:51:AB:8B:CB:46: .[0m
[34m2025-12-01 20:43:38,669   | DEBUG    | Received A8:51:AB:8B:CB:46: .[0m
[34m2025-12-01 20:43:38,871   | DEBUG    | Received 30:AF:7E:32:18:A7: .[0m
[34m2025-12-01 20:43:38,876   | DEBUG    | Received 30:AF:7E:32:18:A7: .[0m
[34m2025-12-01 20:43:39,090   | DEBUG    | Received 68:FC:CA:05:66:49: .[0m
[34m2025-12-01 20:43:39,574   | DEBUG    | Received A8:51:AB:8B:CB:46: .[0m
[34m2025-12-01 20:43:39,578   | DEBUG    | Received A8:51:AB:8B:CB:46: .[0m
[34m2025-12-01 20:43:39,934   | DEBUG    | Received 58:22:2D:7D:93:B8: .[0m
[34m2025-12-01 20:43:39,937   | DEBUG    | Received 7A:CE:44:66:F7:49: .[0m
[34m2025-12-01 20:43:39,938   | DEBUG    | Received 7A:CE:44:66:F7:49: .[0m
[34m2025-12-01 20:43:40,507   | DEBUG    | Received 7A:CE:44:66:F7:49: .[0m
[34m2025-12-01 20:43:40,508   | DEBUG    | Received 7A:CE:44:66:F7:49: .[0m
[34m2025-12-01 20:43:40,510   | DEBUG    | Received 66:17:6F:B0:B7:73: .[0m
[34m2025-12-01 20:43:40,631   | DEBUG    | Received 68:FC:CA:05:66:49: .[0m
[34m2025-12-01 20:43:40,754   | DEBUG    | Received 7A:CE:44:66:F7:49: .[0m
[34m2025-12-01 20:43:40,755   | DEBUG    | Received 7A:CE:44:66:F7:49: .[0m
[34m2025-12-01 20:43:40,880   | DEBUG    | Received 7A:34:57:FC:F6:D9: .[0m
[34m2025-12-01 20:43:40,886   | DEBUG    | Received 7A:34:57:FC:F6:D9: .[0m
[34m2025-12-01 20:43:41,943   | DEBUG    | Received 79:DA:4A:8D:A1:B6: .[0m
[34m2025-12-01 20:43:42,165   | DEBUG    | Received 68:FC:CA:05:66:49: .[0m
[34m2025-12-01 20:43:42,400   | DEBUG    | Received 7A:CE:44:66:F7:49: .[0m
[34m2025-12-01 20:43:42,530   | DEBUG    | Received 6C:FF:E5:2A:A3:34: .[0m
[34m2025-12-01 20:43:42,883   | DEBUG    | Received 79:DA:4A:8D:A1:B6: .[0m
[34m2025-12-01 20:43:43,239   | DEBUG    | Received 58:22:2D:7D:93:B8: .[0m
[34m2025-12-01 20:43:43,240   | DEBUG    | Received 58:22:2D:7D:93:B8: .[0m
[34m2025-12-01 20:43:43,242   | DEBUG    | Received 79:DA:4A:8D:A1:B6: .[0m
[34m2025-12-01 20:43:43,486   | DEBUG    | 9 devices found. Watcher status: <BluetoothLEAdvertisementWatcherStatus.STOPPED: 3>.[0m
[34m2025-12-01 20:43:43,487   | DEBUG    | 	Device: Unknown (68:FC:CA:05:66:49) | UUIDs: [][0m
[34m2025-12-01 20:43:43,487   | DEBUG    | 	Device: Unknown (A8:51:AB:8B:CB:46) | UUIDs: [][0m
[34m2025-12-01 20:43:43,487   | DEBUG    | 	Device: Unknown (30:AF:7E:32:18:A7) | UUIDs: ['b42e90a2-ade7-11e4-89d3-123b93f75cba'][0m
[34m2025-12-01 20:43:43,487   | DEBUG    | 	Device: Unknown (58:22:2D:7D:93:B8) | UUIDs: [][0m
[34m2025-12-01 20:43:43,487   | DEBUG    | 	Device: Unknown (7A:CE:44:66:F7:49) | UUIDs: [][0m
[34m2025-12-01 20:43:43,487   | DEBUG    | 	Device: Unknown (66:17:6F:B0:B7:73) | UUIDs: [][0m
[34m2025-12-01 20:43:43,487   | DEBUG    | 	Device: Unknown (7A:34:57:FC:F6:D9) | UUIDs: [][0m
[34m2025-12-01 20:43:43,487   | DEBUG    | 	Device: Unknown (79:DA:4A:8D:A1:B6) | UUIDs: [][0m
[34m2025-12-01 20:43:43,487   | DEBUG    | 	Device: Unknown (6C:FF:E5:2A:A3:34) | UUIDs: [][0m
[31m2025-12-01 20:43:43,487   | ERROR    | BioCoin device named "Biocoin" not found. Listing available BLE devices:
[0m
2025-12-01 20:43:43,488   | INFO     | Scanning for devices...[0m
[34m2025-12-01 20:43:43,780   | DEBUG    | Received 7A:CE:44:66:F7:49: .[0m
[34m2025-12-01 20:43:43,782   | DEBUG    | Received 7A:CE:44:66:F7:49: .[0m
[34m2025-12-01 20:43:44,500   | DEBUG    | Received 68:FC:CA:05:66:49: .[0m
[34m2025-12-01 20:43:45,561   | DEBUG    | Received 7A:34:57:FC:F6:D9: .[0m
[34m2025-12-01 20:43:45,562   | DEBUG    | Received 7A:34:57:FC:F6:D9: .[0m
[34m2025-12-01 20:43:45,693   | DEBUG    | Received A8:51:AB:8B:CB:46: .[0m
[34m2025-12-01 20:43:45,695   | DEBUG    | Received A8:51:AB:8B:CB:46: .[0m
[34m2025-12-01 20:43:46,047   | DEBUG    | Received 30:AF:7E:32:18:A7: .[0m
[34m2025-12-01 20:43:46,050   | DEBUG    | Received 68:FC:CA:05:66:49: .[0m
[34m2025-12-01 20:43:46,263   | DEBUG    | Received A8:51:AB:8B:CB:46: .[0m
[34m2025-12-01 20:43:46,265   | DEBUG    | Received A8:51:AB:8B:CB:46: .[0m
[34m2025-12-01 20:43:46,395   | DEBUG    | Received 79:DA:4A:8D:A1:B6: .[0m
[34m2025-12-01 20:43:46,527   | DEBUG    | Received 58:22:2D:7D:93:B8: .[0m
[34m2025-12-01 20:43:46,529   | DEBUG    | Received 58:22:2D:7D:93:B8: .[0m
[34m2025-12-01 20:43:47,357   | DEBUG    | Received 7A:CE:44:66:F7:49: .[0m
[34m2025-12-01 20:43:47,358   | DEBUG    | Received 7A:CE:44:66:F7:49: .[0m
[34m2025-12-01 20:43:47,452   | DEBUG    | Received 68:FC:CA:05:66:49: .[0m
[34m2025-12-01 20:43:47,574   | DEBUG    | Received A8:51:AB:8B:CB:46: .[0m
[34m2025-12-01 20:43:47,578   | DEBUG    | Received A8:51:AB:8B:CB:46: .[0m
[34m2025-12-01 20:43:47,923   | DEBUG    | Received 68:FC:CA:05:66:49: .[0m
[34m2025-12-01 20:43:47,927   | DEBUG    | Received CA:49:F3:90:B0:65: .[0m
[34m2025-12-01 20:43:47,961   | DEBUG    | Received F2:2C:52:61:FC:6A: .[0m
[34m2025-12-01 20:43:47,965   | DEBUG    | Received F2:2C:52:61:FC:6A: BioCoin.[0m
[34m2025-12-01 20:43:47,992   | DEBUG    | Received F2:2C:52:61:FC:6A: .[0m
[34m2025-12-01 20:43:47,995   | DEBUG    | Received F2:2C:52:61:FC:6A: BioCoin.[0m
[34m2025-12-01 20:43:48,055   | DEBUG    | Received 7A:34:57:FC:F6:D9: .[0m
[34m2025-12-01 20:43:48,058   | DEBUG    | Received 7A:34:57:FC:F6:D9: .[0m
[34m2025-12-01 20:43:48,167   | DEBUG    | Received F2:2C:52:61:FC:6A: .[0m
[34m2025-12-01 20:43:48,173   | DEBUG    | Received F2:2C:52:61:FC:6A: BioCoin.[0m
[34m2025-12-01 20:43:48,307   | DEBUG    | Received 58:22:2D:7D:93:B8: .[0m
[34m2025-12-01 20:43:48,314   | DEBUG    | Received F2:2C:52:61:FC:6A: .[0m
[34m2025-12-01 20:43:48,319   | DEBUG    | Received F2:2C:52:61:FC:6A: BioCoin.[0m
[34m2025-12-01 20:43:48,409   | DEBUG    | Received 6C:FF:E5:2A:A3:34: .[0m
[34m2025-12-01 20:43:48,414   | DEBUG    | Received F2:2C:52:61:FC:6A: .[0m
[34m2025-12-01 20:43:48,417   | DEBUG    | Received F2:2C:52:61:FC:6A: BioCoin.[0m
[34m2025-12-01 20:43:48,521   | DEBUG    | 10 devices found. Watcher status: <BluetoothLEAdvertisementWatcherStatus.STOPPED: 3>.[0m
[34m2025-12-01 20:43:48,522   | DEBUG    | 	Device: Unknown (7A:CE:44:66:F7:49) | UUIDs: [][0m
[34m2025-12-01 20:43:48,522   | DEBUG    | 	Device: Unknown (68:FC:CA:05:66:49) | UUIDs: [][0m
[34m2025-12-01 20:43:48,522   | DEBUG    | 	Device: Unknown (7A:34:57:FC:F6:D9) | UUIDs: [][0m
[34m2025-12-01 20:43:48,522   | DEBUG    | 	Device: Unknown (A8:51:AB:8B:CB:46) | UUIDs: [][0m
[34m2025-12-01 20:43:48,522   | DEBUG    | 	Device: Unknown (30:AF:7E:32:18:A7) | UUIDs: ['b42e90a2-ade7-11e4-89d3-123b93f75cba'][0m
[34m2025-12-01 20:43:48,522   | DEBUG    | 	Device: Unknown (79:DA:4A:8D:A1:B6) | UUIDs: [][0m
[34m2025-12-01 20:43:48,522   | DEBUG    | 	Device: Unknown (58:22:2D:7D:93:B8) | UUIDs: [][0m
[34m2025-12-01 20:43:48,522   | DEBUG    | 	Device: Unknown (CA:49:F3:90:B0:65) | UUIDs: [][0m
[34m2025-12-01 20:43:48,522   | DEBUG    | 	Device: BioCoin (F2:2C:52:61:FC:6A) | UUIDs: ['00001523-1212-efde-1523-785feabc93aa'][0m
[34m2025-12-01 20:43:48,523   | DEBUG    | 	Device: Unknown (6C:FF:E5:2A:A3:34) | UUIDs: [][0m
2025-12-01 20:43:48,523   | INFO     |   - Unknown @ 7A:CE:44:66:F7:49, Services: [][0m
2025-12-01 20:43:48,524   | INFO     |   - Unknown @ 68:FC:CA:05:66:49, Services: [][0m
2025-12-01 20:43:48,524   | INFO     |   - Unknown @ 7A:34:57:FC:F6:D9, Services: [][0m
2025-12-01 20:43:48,525   | INFO     |   - Unknown @ A8:51:AB:8B:CB:46, Services: [][0m
2025-12-01 20:43:48,526   | INFO     |   - Unknown @ 30:AF:7E:32:18:A7, Services: ['b42e90a2-ade7-11e4-89d3-123b93f75cba'][0m
2025-12-01 20:43:48,526   | INFO     |   - Unknown @ 79:DA:4A:8D:A1:B6, Services: [][0m
2025-12-01 20:43:48,527   | INFO     |   - Unknown @ 58:22:2D:7D:93:B8, Services: [][0m
2025-12-01 20:43:48,528   | INFO     |   - Unknown @ CA:49:F3:90:B0:65, Services: [][0m
2025-12-01 20:43:48,529   | INFO     |   - BioCoin @ F2:2C:52:61:FC:6A, Services: ['00001523-1212-efde-1523-785feabc93aa'][0m
2025-12-01 20:43:48,530   | INFO     |   - Unknown @ 6C:FF:E5:2A:A3:34, Services: [][0m
[31m2025-12-01 20:43:48,531   | ERROR    | BioCoin device named "Unknown" not found. Ensure it is powered on and in range.
Traceback (most recent call last):
  File "e:\Dropbox\Work in Progress\Research Projects\BioCoin\Design (on Repo)\software\src\main.py", line 55, in main
    await device.connect()
  File "e:\Dropbox\Work in Progress\Research Projects\BioCoin\Design (on Repo)\software\src\biocoin\device.py", line 79, in connect
    raise RuntimeError(f'BioCoin device named "{name}" not found. Ensure it is powered on and in range.')
RuntimeError: BioCoin device named "Unknown" not found. Ensure it is powered on and in range.[0m
